t(ticks) ; nlug ; id_viat ; observ
3829854  ; 1    ; 7407    ; entrou
3830266  ; 0    ; 7407    ; saiu
3862358  ; 1    ; 7403    ; entrou
3863647  ; 0    ; 7403    ; saiu
3865168  ; 1    ; 7439    ; entrou
3865310  ; 0    ; 7439    ; saiu
3866150  ; 1    ; 7468    ; entrou
3866205  ; 0    ; 7468    ; saiu
3874433  ; 1    ; 7420    ; entrou
3874518  ; 0    ; 7420    ; saiu
3887197  ; 1    ; 7425    ; entrou
3887420  ; 0    ; 7425    ; saiu
3914690  ; 1    ; 7464    ; entrou
3915161  ; 0    ; 7464    ; saiu
3916588  ; 1    ; 6979    ; entrou
3916942  ; 0    ; 6979    ; saiu
3921399  ; 1    ; 7386    ; entrou
3921511  ; 1    ; 7387    ; cheio
3921719  ; 0    ; 7386    ; saiu
3923717  ; 1    ; 7402    ; entrou
3924066  ; 0    ; 7402    ; saiu
3926216  ; 1    ; 7419    ; entrou
3926765  ; 0    ; 7419    ; saiu
3929256  ; 1    ; 7342    ; entrou
3929441  ; 0    ; 7342    ; saiu
3940165  ; 1    ; 7398    ; entrou
3940915  ; 1    ; 7406    ; cheio
3941317  ; 0    ; 7398    ; saiu
3943233  ; 1    ; 7418    ; entrou
3943372  ; 0    ; 7418    ; saiu
3968704  ; 1    ; 7364    ; entrou
3969019  ; 0    ; 7364    ; saiu
3973594  ; 1    ; 7404    ; entrou
3973949  ; 0    ; 7404    ; saiu
3980076  ; 1    ; 7389    ; entrou
3980360  ; 0    ; 7389    ; saiu
3984748  ; 1    ; 7428    ; entrou
3985118  ; 0    ; 7428    ; saiu
3986031  ; 1    ; 7465    ; entrou
3987653  ; 0    ; 7465    ; saiu
4041168  ; 1    ; 8229    ; entrou
4041718  ; 0    ; 8229    ; saiu
4095035  ; 1    ; 8392    ; entrou
4095479  ; 0    ; 8392    ; saiu
4097229  ; 1    ; 8417    ; entrou
4097939  ; 0    ; 8417    ; saiu
4225928  ; 1    ; 8667    ; entrou
4226897  ; 0    ; 8667    ; saiu
4231363  ; 1    ; 8673    ; entrou
4232694  ; 1    ; 8675    ; entrou
4233033  ; 1    ; 8673    ; saiu
4233643  ; 0    ; 8675    ; saiu
5339063  ; 1    ; 10490   ; entrou
5340027  ; 0    ; 10490   ; saiu
5368233  ; 1    ; 10519   ; entrou
5369166  ; 0    ; 10519   ; saiu
6045428  ; 1    ; 11665   ; entrou
6047788  ; 0    ; 11665   ; saiu
6415442  ; 1    ; 11996   ; entrou
6415709  ; 1    ; 11997   ; cheio
6416080  ; 0    ; 11996   ; saiu
6416213  ; 1    ; 11998   ; entrou
6416302  ; 1    ; 11991   ; cheio
6416641  ; 0    ; 11998   ; saiu
6417078  ; 1    ; 11994   ; entrou
6417082  ; 1    ; 11999   ; cheio
6417440  ; 0    ; 11994   ; saiu
6418450  ; 1    ; 11993   ; entrou
6420126  ; 0    ; 11993   ; saiu
6429867  ; 1    ; 11971   ; entrou
6430089  ; 1    ; 12000   ; cheio
6431118  ; 0    ; 11971   ; saiu
6437108  ; 1    ; 12001   ; entrou
6439318  ; 0    ; 12001   ; saiu
6443641  ; 1    ; 12003   ; entrou
6443960  ; 1    ; 12002   ; entrou
6445333  ; 1    ; 12003   ; saiu
6447976  ; 1    ; 12005   ; cheio
6449389  ; 0    ; 12002   ; saiu
6453825  ; 1    ; 12013   ; entrou
6454108  ; 1    ; 12006   ; cheio
6454670  ; 0    ; 12013   ; saiu
6455286  ; 1    ; 12012   ; entrou
6455345  ; 1    ; 12008   ; cheio
6455666  ; 0    ; 12012   ; saiu
6457449  ; 1    ; 11992   ; entrou
6457532  ; 1    ; 12016   ; cheio
6457742  ; 0    ; 11992   ; saiu
6457831  ; 1    ; 11977   ; entrou
6458034  ; 1    ; 11970   ; entrou
6458049  ; 1    ; 11977   ; saiu
6458034  ; 1    ; 11979   ; cheio
6458418  ; 0    ; 11970   ; saiu
6458502  ; 1    ; 11985   ; entrou
6458726  ; 0    ; 11985   ; saiu
6458651  ; 1    ; 11968   ; entrou
6459155  ; 1    ; 11987   ; cheio
6459537  ; 1    ; 12009   ; cheio
6460990  ; 0    ; 11968   ; saiu
6462557  ; 1    ; 12019   ; entrou
6462657  ; 0    ; 12019   ; saiu
6465040  ; 1    ; 11981   ; entrou
6465315  ; 1    ; 11988   ; cheio
6466066  ; 1    ; 12022   ; cheio
6466429  ; 1    ; 11981   ; saiu
6466514  ; 1    ; 11982   ; entrou
6470284  ; 0    ; 11982   ; saiu
6470292  ; 1    ; 12023   ; entrou
6471133  ; 0    ; 12023   ; saiu
6472076  ; 1    ; 12026   ; entrou
6472626  ; 1    ; 12025   ; entrou
6472470  ; 1    ; 12026   ; saiu
6474468  ; 0    ; 12025   ; saiu
6476499  ; 1    ; 12031   ; entrou
6477098  ; 0    ; 12031   ; saiu
6478480  ; 1    ; 12033   ; entrou
6479242  ; 0    ; 12033   ; saiu
6479983  ; 1    ; 12034   ; entrou
6481747  ; 0    ; 12034   ; saiu
6482931  ; 1    ; 12037   ; entrou
6483485  ; 0    ; 12037   ; saiu
6550477  ; 1    ; 12086   ; entrou
6551878  ; 0    ; 12086   ; saiu
6559977  ; 1    ; 12088   ; entrou
6562630  ; 0    ; 12088   ; saiu
6566491  ; 1    ; 12092   ; entrou
6567011  ; 1    ; 12097   ; entrou
6567169  ; 1    ; 12092   ; saiu
6567798  ; 1    ; 12096   ; cheio
6567887  ; 1    ; 12104   ; cheio
6570799  ; 1    ; 12095   ; cheio
6572050  ; 0    ; 12097   ; saiu
6574441  ; 1    ; 12113   ; entrou
6575143  ; 0    ; 12113   ; saiu
6580647  ; 1    ; 12108   ; entrou
6580921  ; 1    ; 12118   ; cheio
6581448  ; 0    ; 12108   ; saiu
6582280  ; 1    ; 12114   ; entrou
6582894  ; 1    ; 12111   ; cheio
6585194  ; 1    ; 12120   ; cheio
6587398  ; 0    ; 12114   ; saiu
6589799  ; 1    ; 12124   ; entrou
6589741  ; 1    ; 12127   ; cheio
6590192  ; 1    ; 12129   ; cheio
6591850  ; 0    ; 12124   ; saiu
6592869  ; 1    ; 12112   ; entrou
6594272  ; 1    ; 12137   ; entrou
6594186  ; 1    ; 12131   ; cheio
6594277  ; 1    ; 12109   ; cheio
6594236  ; 1    ; 12112   ; saiu
6594905  ; 0    ; 12137   ; saiu
6595085  ; 1    ; 12116   ; entrou
6595116  ; 1    ; 12126   ; cheio
6595231  ; 0    ; 12116   ; saiu
6596650  ; 1    ; 12151   ; entrou
6596577  ; 1    ; 12139   ; cheio
6596974  ; 0    ; 12151   ; saiu
6597278  ; 1    ; 12146   ; entrou
6597458  ; 1    ; 12141   ; cheio
6597489  ; 1    ; 12142   ; cheio
6597526  ; 1    ; 12143   ; cheio
6597623  ; 0    ; 12146   ; saiu
6597542  ; 1    ; 12149   ; entrou
6597761  ; 0    ; 12149   ; saiu
6598197  ; 1    ; 12157   ; entrou
6598415  ; 1    ; 12175   ; cheio
6598939  ; 0    ; 12157   ; saiu
6599302  ; 1    ; 12172   ; entrou
6599288  ; 1    ; 12166   ; cheio
6599992  ; 1    ; 12174   ; entrou
6600182  ; 1    ; 12172   ; saiu
6600388  ; 0    ; 12174   ; saiu
6601337  ; 1    ; 12170   ; entrou
6601606  ; 1    ; 12171   ; cheio
6602026  ; 0    ; 12170   ; saiu
6601746  ; 1    ; 12177   ; entrou
6602381  ; 1    ; 12196   ; cheio
6602928  ; 0    ; 12177   ; saiu
6606393  ; 1    ; 12198   ; entrou
6607052  ; 0    ; 12198   ; saiu
6607088  ; 1    ; 12164   ; entrou
6607665  ; 0    ; 12164   ; saiu
6607392  ; 1    ; 12169   ; entrou
6607811  ; 1    ; 12203   ; cheio
6608169  ; 0    ; 12169   ; saiu
6607840  ; 1    ; 12173   ; entrou
6606502  ; 1    ; 12154   ; cheio
6609609  ; 1    ; 12206   ; cheio
6610864  ; 0    ; 12173   ; saiu
6615405  ; 1    ; 12207   ; entrou
6615861  ; 0    ; 12207   ; saiu
6615838  ; 1    ; 12205   ; entrou
6616839  ; 1    ; 12212   ; cheio
6618016  ; 1    ; 12214   ; cheio
6618864  ; 1    ; 12210   ; cheio
6619276  ; 0    ; 12205   ; saiu
6631922  ; 1    ; 12218   ; entrou
6632361  ; 0    ; 12218   ; saiu
6634190  ; 1    ; 12228   ; entrou
6634486  ; 1    ; 12222   ; cheio
6634809  ; 1    ; 12216   ; cheio
6635103  ; 1    ; 12215   ; cheio
6637396  ; 0    ; 12228   ; saiu
6637454  ; 1    ; 12220   ; entrou
6638181  ; 0    ; 12220   ; saiu
6639345  ; 1    ; 12224   ; entrou
6639703  ; 0    ; 12224   ; saiu
6641079  ; 1    ; 12237   ; entrou
6641078  ; 1    ; 12230   ; cheio
6641309  ; 0    ; 12237   ; saiu
6642513  ; 1    ; 12233   ; entrou
6642818  ; 1    ; 12232   ; cheio
6643293  ; 0    ; 12233   ; saiu
6645708  ; 1    ; 12246   ; entrou
6642531  ; 1    ; 12234   ; cheio
6646043  ; 1    ; 12249   ; cheio
6648159  ; 1    ; 12235   ; cheio
6649658  ; 0    ; 12246   ; saiu
6649969  ; 1    ; 12236   ; entrou
6650915  ; 1    ; 12252   ; cheio
6650905  ; 1    ; 12251   ; cheio
6652296  ; 1    ; 12250   ; cheio
6652604  ; 1    ; 12256   ; cheio
6652661  ; 0    ; 12236   ; saiu
6659136  ; 1    ; 12262   ; entrou
6659305  ; 1    ; 12259   ; cheio
6660079  ; 0    ; 12262   ; saiu
6663349  ; 1    ; 12263   ; entrou
6663386  ; 1    ; 12257   ; cheio
6663653  ; 1    ; 12260   ; cheio
6663995  ; 0    ; 12263   ; saiu
6664077  ; 1    ; 12265   ; entrou
6665262  ; 0    ; 12265   ; saiu
6665321  ; 1    ; 12267   ; entrou
6665913  ; 0    ; 12267   ; saiu
6669291  ; 1    ; 12266   ; entrou
6669286  ; 1    ; 12277   ; cheio
6669537  ; 1    ; 12275   ; cheio
6669686  ; 0    ; 12266   ; saiu
6687882  ; 1    ; 12282   ; entrou
6688384  ; 1    ; 12283   ; cheio
6688858  ; 0    ; 12282   ; saiu
6689101  ; 1    ; 12284   ; entrou
6689822  ; 0    ; 12284   ; saiu
6690127  ; 1    ; 12281   ; entrou
6690955  ; 1    ; 12285   ; cheio
6692034  ; 0    ; 12281   ; saiu
6702872  ; 1    ; 12287   ; entrou
6703578  ; 0    ; 12287   ; saiu
6719609  ; 1    ; 12316   ; entrou
6720044  ; 0    ; 12316   ; saiu
6792341  ; 1    ; 12449   ; entrou
6793462  ; 0    ; 12449   ; saiu
6803325  ; 1    ; 12450   ; entrou
6803437  ; 1    ; 12451   ; cheio
6803561  ; 0    ; 12450   ; saiu
6808078  ; 1    ; 12465   ; entrou
6808390  ; 0    ; 12465   ; saiu
6813480  ; 1    ; 12472   ; entrou
6813958  ; 0    ; 12472   ; saiu
6831138  ; 1    ; 12464   ; entrou
6831934  ; 0    ; 12464   ; saiu
6842229  ; 1    ; 12506   ; entrou
6842961  ; 0    ; 12506   ; saiu
6851070  ; 1    ; 12501   ; entrou
6851277  ; 1    ; 12494   ; cheio
6851389  ; 0    ; 12501   ; saiu
6853680  ; 1    ; 12510   ; entrou
6853842  ; 1    ; 12508   ; cheio
6854132  ; 1    ; 12509   ; cheio
6856918  ; 0    ; 12510   ; saiu
6863278  ; 1    ; 12523   ; entrou
6863743  ; 0    ; 12523   ; saiu
6867516  ; 1    ; 12554   ; entrou
6868288  ; 0    ; 12554   ; saiu
6869002  ; 1    ; 12527   ; entrou
6869010  ; 1    ; 12530   ; cheio
6869455  ; 0    ; 12527   ; saiu
6869096  ; 1    ; 12531   ; entrou
6870561  ; 1    ; 12525   ; cheio
6871690  ; 0    ; 12531   ; saiu
6873509  ; 1    ; 12562   ; entrou
6874980  ; 0    ; 12562   ; saiu
6877449  ; 1    ; 12526   ; entrou
6877561  ; 0    ; 12526   ; saiu
6901677  ; 1    ; 12564   ; entrou
6901776  ; 1    ; 12568   ; cheio
6902710  ; 0    ; 12564   ; saiu
6904289  ; 1    ; 12565   ; entrou
6904710  ; 0    ; 12565   ; saiu
6919152  ; 1    ; 12617   ; entrou
6920233  ; 0    ; 12617   ; saiu
6921446  ; 1    ; 12616   ; entrou
6921956  ; 0    ; 12616   ; saiu
6924150  ; 1    ; 12620   ; entrou
6925039  ; 0    ; 12620   ; saiu
6925926  ; 1    ; 12622   ; entrou
6928197  ; 0    ; 12622   ; saiu
6939115  ; 1    ; 12630   ; entrou
6940008  ; 0    ; 12630   ; saiu
6945547  ; 1    ; 12633   ; entrou
6947092  ; 0    ; 12633   ; saiu
6948773  ; 1    ; 12634   ; entrou
6949442  ; 0    ; 12634   ; saiu
6960749  ; 1    ; 12646   ; entrou
6962085  ; 0    ; 12646   ; saiu
6970379  ; 1    ; 12626   ; entrou
6972067  ; 1    ; 12625   ; cheio
6973506  ; 1    ; 12627   ; cheio
6973914  ; 1    ; 12629   ; cheio
6974224  ; 0    ; 12626   ; saiu
6975943  ; 1    ; 12662   ; entrou
6976748  ; 1    ; 12635   ; cheio
6979367  ; 0    ; 12662   ; saiu
6981504  ; 1    ; 12664   ; entrou
6991649  ; 0    ; 12664   ; saiu
7022827  ; 1    ; 12666   ; entrou
7024095  ; 0    ; 12666   ; saiu
7027179  ; 1    ; 12651   ; entrou
7028943  ; 0    ; 12651   ; saiu
7028925  ; 1    ; 12667   ; entrou
7030618  ; 1    ; 12668   ; cheio
7031366  ; 0    ; 12667   ; saiu
7033275  ; 1    ; 12669   ; entrou
7034663  ; 1    ; 12673   ; cheio
7034886  ; 1    ; 12670   ; cheio
7035666  ; 0    ; 12669   ; saiu
7035712  ; 1    ; 12671   ; entrou
7035928  ; 1    ; 12689   ; cheio
7036645  ; 0    ; 12671   ; saiu
7043853  ; 1    ; 12715   ; entrou
7043826  ; 1    ; 12716   ; cheio
7045249  ; 0    ; 12715   ; saiu
7045421  ; 1    ; 12717   ; entrou
7047004  ; 1    ; 12718   ; cheio
7048918  ; 0    ; 12717   ; saiu
7118937  ; 1    ; 12730   ; entrou
7119546  ; 1    ; 12731   ; cheio
7122417  ; 0    ; 12730   ; saiu
7155341  ; 1    ; 12736   ; entrou
7157512  ; 0    ; 12736   ; saiu
7158261  ; 1    ; 12733   ; entrou
7159997  ; 0    ; 12733   ; saiu
7166539  ; 1    ; 12790   ; entrou
7167096  ; 0    ; 12790   ; saiu
7188304  ; 1    ; 12782   ; entrou
7188868  ; 1    ; 12783   ; cheio
7196129  ; 0    ; 12782   ; saiu
7196132  ; 1    ; 12780   ; entrou
7196904  ; 0    ; 12780   ; saiu
7197775  ; 1    ; 12824   ; entrou
7198466  ; 0    ; 12824   ; saiu
7202634  ; 1    ; 12787   ; entrou
7220142  ; 0    ; 12787   ; saiu
7220324  ; 1    ; 12832   ; entrou
7221711  ; 1    ; 12834   ; cheio
7222744  ; 0    ; 12832   ; saiu
7235351  ; 1    ; 12835   ; entrou
7236462  ; 0    ; 12835   ; saiu
7244078  ; 1    ; 12855   ; entrou
7248302  ; 0    ; 12855   ; saiu
7249770  ; 1    ; 12823   ; entrou
7251597  ; 0    ; 12823   ; saiu
7255059  ; 1    ; 12839   ; entrou
7257463  ; 0    ; 12839   ; saiu
7281245  ; 1    ; 12830   ; entrou
7287082  ; 0    ; 12830   ; saiu
7290997  ; 1    ; 12829   ; entrou
7291526  ; 1    ; 12853   ; cheio
7292391  ; 0    ; 12829   ; saiu
7295583  ; 1    ; 12862   ; entrou
7295998  ; 0    ; 12862   ; saiu
7296121  ; 1    ; 12854   ; entrou
7296236  ; 1    ; 12856   ; cheio
7296394  ; 1    ; 12858   ; cheio
7296507  ; 1    ; 12852   ; cheio
7296647  ; 0    ; 12854   ; saiu
7297642  ; 1    ; 12881   ; entrou
7298412  ; 0    ; 12881   ; saiu
7315262  ; 1    ; 12884   ; entrou
7317151  ; 1    ; 12878   ; cheio
7318336  ; 1    ; 12879   ; cheio
7319973  ; 0    ; 12884   ; saiu
7330716  ; 1    ; 12913   ; entrou
7332727  ; 0    ; 12913   ; saiu
7336642  ; 1    ; 12887   ; entrou
7337156  ; 1    ; 12919   ; entrou
7337304  ; 1    ; 12887   ; saiu
7337361  ; 1    ; 12917   ; entrou
7337467  ; 0    ; 12919   ; saiu
7337572  ; 0    ; 12917   ; saiu
7347547  ; 1    ; 12883   ; entrou
7349046  ; 1    ; 12886   ; cheio
7349240  ; 1    ; 12890   ; cheio
7349601  ; 1    ; 12888   ; entrou
7351832  ; 1    ; 12883   ; saiu
7352442  ; 1    ; 12898   ; cheio
7353709  ; 1    ; 12924   ; entrou
7354949  ; 0    ; 12924   ; saiu
7354060  ; 0    ; 12888   ; saiu
7355928  ; 1    ; 12904   ; entrou
7356102  ; 1    ; 12889   ; cheio
7356666  ; 0    ; 12904   ; saiu
7357589  ; 1    ; 12899   ; entrou
7357751  ; 1    ; 12916   ; cheio
7365554  ; 1    ; 12937   ; cheio
7366981  ; 1    ; 12936   ; cheio
7367503  ; 1    ; 12942   ; cheio
7367717  ; 1    ; 12939   ; cheio
7378746  ; 1    ; 12947   ; cheio
7378843  ; 1    ; 12941   ; cheio
7386043  ; 1    ; 12954   ; cheio
7385928  ; 1    ; 12946   ; cheio
7389416  ; 0    ; 12899   ; saiu
7389987  ; 1    ; 12955   ; entrou
7391066  ; 1    ; 12957   ; entrou
7391222  ; 1    ; 12955   ; saiu
7392115  ; 0    ; 12957   ; saiu
7394925  ; 1    ; 12962   ; entrou
7395121  ; 0    ; 12962   ; saiu
7396289  ; 1    ; 12960   ; entrou
7397483  ; 1    ; 12965   ; cheio
7398404  ; 0    ; 12960   ; saiu
7407504  ; 1    ; 12973   ; entrou
7408792  ; 0    ; 12973   ; saiu
7410277  ; 1    ; 12976   ; entrou
7410871  ; 0    ; 12976   ; saiu
7416109  ; 1    ; 12981   ; entrou
7415869  ; 1    ; 12983   ; cheio
7416581  ; 0    ; 12981   ; saiu
7420263  ; 1    ; 12987   ; entrou
7421877  ; 0    ; 12987   ; saiu
7423888  ; 1    ; 12986   ; entrou
7424292  ; 1    ; 12990   ; entrou
7424590  ; 1    ; 12986   ; saiu
7426260  ; 0    ; 12990   ; saiu
7433165  ; 1    ; 12998   ; entrou
7434665  ; 0    ; 12998   ; saiu
7436951  ; 1    ; 12997   ; entrou
7438534  ; 0    ; 12997   ; saiu
7445315  ; 1    ; 13006   ; entrou
7448543  ; 0    ; 13006   ; saiu
7449152  ; 1    ; 13007   ; entrou
7451534  ; 0    ; 13007   ; saiu
7462660  ; 1    ; 13012   ; entrou
7462996  ; 1    ; 13016   ; cheio
7463253  ; 0    ; 13012   ; saiu
7463375  ; 1    ; 12993   ; entrou
7464040  ; 0    ; 12993   ; saiu
7465000  ; 1    ; 13013   ; entrou
7465593  ; 0    ; 13013   ; saiu
7469409  ; 1    ; 13024   ; entrou
7469731  ; 0    ; 13024   ; saiu
7470055  ; 1    ; 13025   ; entrou
7470199  ; 1    ; 13026   ; cheio
7470310  ; 0    ; 13025   ; saiu
7470642  ; 1    ; 13029   ; entrou
7470919  ; 1    ; 13028   ; cheio
7471200  ; 0    ; 13029   ; saiu
7471962  ; 1    ; 13032   ; entrou
7473425  ; 0    ; 13032   ; saiu
7474026  ; 1    ; 13031   ; entrou
7474443  ; 0    ; 13031   ; saiu
7492436  ; 1    ; 13037   ; entrou
7493201  ; 1    ; 13040   ; cheio
7493362  ; 1    ; 13042   ; cheio
7494664  ; 1    ; 13041   ; cheio
7494791  ; 1    ; 13039   ; cheio
7495012  ; 1    ; 13038   ; cheio
7497138  ; 1    ; 13044   ; cheio
7498518  ; 1    ; 13045   ; entrou
7498516  ; 0    ; 13037   ; saiu
7499418  ; 0    ; 13045   ; saiu
7499858  ; 1    ; 13036   ; entrou
7500263  ; 0    ; 13036   ; saiu
7503859  ; 1    ; 13043   ; entrou
7504417  ; 0    ; 13043   ; saiu
7507365  ; 1    ; 13057   ; entrou
7507853  ; 1    ; 13052   ; cheio
7508988  ; 1    ; 13060   ; cheio
7509432  ; 0    ; 13057   ; saiu
7515284  ; 1    ; 13062   ; entrou
7515754  ; 0    ; 13062   ; saiu
7530640  ; 1    ; 13059   ; entrou
7530796  ; 1    ; 13055   ; cheio
7531263  ; 1    ; 13051   ; entrou
7531441  ; 1    ; 13059   ; saiu
7531094  ; 1    ; 13053   ; cheio
7531543  ; 1    ; 13054   ; cheio
7532632  ; 1    ; 13069   ; cheio
7533038  ; 1    ; 13066   ; cheio
7532632  ; 1    ; 13048   ; cheio
7534899  ; 0    ; 13051   ; saiu
7535370  ; 1    ; 13064   ; entrou
7535899  ; 0    ; 13064   ; saiu
7540775  ; 1    ; 13115   ; entrou
7541978  ; 0    ; 13115   ; saiu
7547332  ; 1    ; 13118   ; entrou
7548629  ; 0    ; 13118   ; saiu
7552007  ; 1    ; 13120   ; entrou
7552706  ; 0    ; 13120   ; saiu
7553581  ; 1    ; 13121   ; entrou
7554360  ; 0    ; 13121   ; saiu
7556706  ; 1    ; 13126   ; entrou
7557527  ; 0    ; 13126   ; saiu
7560801  ; 1    ; 13125   ; entrou
7561722  ; 0    ; 13125   ; saiu
7564141  ; 1    ; 13133   ; entrou
7564825  ; 0    ; 13133   ; saiu
7565022  ; 1    ; 13131   ; entrou
7565369  ; 1    ; 13130   ; cheio
7565696  ; 0    ; 13131   ; saiu
7566548  ; 1    ; 13128   ; entrou
7568504  ; 0    ; 13128   ; saiu
7569482  ; 1    ; 13122   ; entrou
7570210  ; 0    ; 13122   ; saiu
7577262  ; 1    ; 13116   ; entrou
7578059  ; 0    ; 13116   ; saiu
7578275  ; 1    ; 13134   ; entrou
7579486  ; 0    ; 13134   ; saiu
7587800  ; 1    ; 13135   ; entrou
7588281  ; 0    ; 13135   ; saiu
7588419  ; 1    ; 13137   ; entrou
7588542  ; 1    ; 13138   ; cheio
7589510  ; 1    ; 13144   ; cheio
7592044  ; 1    ; 13142   ; cheio
7592994  ; 0    ; 13137   ; saiu
7604840  ; 1    ; 13147   ; entrou
7604890  ; 1    ; 13146   ; cheio
7606978  ; 0    ; 13147   ; saiu
7611514  ; 1    ; 13156   ; entrou
7611822  ; 1    ; 13149   ; cheio
7612680  ; 0    ; 13156   ; saiu
7613866  ; 1    ; 13157   ; entrou
7614408  ; 1    ; 13161   ; cheio
7614921  ; 1    ; 13159   ; cheio
7619750  ; 1    ; 13160   ; cheio
7619767  ; 1    ; 13175   ; cheio
7610667  ; 1    ; 13141   ; cheio
7624747  ; 0    ; 13157   ; saiu
7627347  ; 1    ; 13139   ; entrou
7628994  ; 0    ; 13139   ; saiu
7633160  ; 1    ; 13145   ; entrou
7634009  ; 0    ; 13145   ; saiu
7638134  ; 1    ; 13179   ; entrou
7639978  ; 1    ; 13178   ; cheio
7643448  ; 0    ; 13179   ; saiu
7649065  ; 1    ; 13182   ; entrou
7649973  ; 0    ; 13182   ; saiu
7650705  ; 1    ; 13186   ; entrou
7651294  ; 0    ; 13186   ; saiu
7651474  ; 1    ; 13180   ; entrou
7651643  ; 0    ; 13180   ; saiu
7658219  ; 1    ; 13190   ; entrou
7658889  ; 0    ; 13190   ; saiu
7666282  ; 1    ; 13192   ; entrou
7666488  ; 1    ; 13191   ; cheio
7668068  ; 1    ; 13189   ; entrou
7668502  ; 1    ; 13192   ; saiu
7670977  ; 0    ; 13189   ; saiu
7673309  ; 1    ; 13193   ; entrou
7676194  ; 0    ; 13193   ; saiu
7676504  ; 1    ; 13198   ; entrou
7676571  ; 1    ; 13200   ; cheio
7676701  ; 0    ; 13198   ; saiu
7677155  ; 1    ; 13204   ; entrou
7677286  ; 1    ; 13199   ; cheio
7677455  ; 1    ; 13202   ; cheio
7678274  ; 0    ; 13204   ; saiu
7678530  ; 1    ; 13203   ; entrou
7678843  ; 1    ; 13206   ; cheio
7680465  ; 0    ; 13203   ; saiu
7684106  ; 1    ; 13195   ; entrou
7684877  ; 0    ; 13195   ; saiu
7688922  ; 1    ; 13212   ; entrou
7689554  ; 1    ; 13205   ; entrou
7689997  ; 1    ; 13212   ; saiu
7690559  ; 0    ; 13205   ; saiu
7693586  ; 1    ; 13217   ; entrou
7696878  ; 1    ; 13207   ; cheio
7697210  ; 1    ; 13197   ; cheio
7696970  ; 1    ; 13201   ; cheio
7697289  ; 1    ; 13218   ; entrou
7697335  ; 1    ; 13217   ; saiu
7698530  ; 0    ; 13218   ; saiu
7698733  ; 1    ; 13216   ; entrou
7699716  ; 0    ; 13216   ; saiu
7699810  ; 1    ; 13214   ; entrou
7699940  ; 1    ; 13220   ; cheio
7699879  ; 1    ; 13211   ; cheio
7700808  ; 1    ; 13210   ; entrou
7700839  ; 1    ; 13214   ; saiu
7701280  ; 0    ; 13210   ; saiu
7704657  ; 1    ; 13219   ; entrou
7706108  ; 0    ; 13219   ; saiu
7705501  ; 1    ; 13208   ; entrou
7707725  ; 0    ; 13208   ; saiu
7723598  ; 1    ; 13215   ; entrou
7725748  ; 0    ; 13215   ; saiu
7726800  ; 1    ; 13225   ; entrou
7728458  ; 1    ; 13234   ; cheio
7729012  ; 1    ; 13231   ; cheio
7729228  ; 1    ; 13221   ; cheio
7729722  ; 1    ; 13227   ; cheio
7730740  ; 0    ; 13225   ; saiu
7730901  ; 1    ; 13222   ; entrou
7731020  ; 0    ; 13222   ; saiu
7731147  ; 1    ; 13230   ; entrou
7731266  ; 0    ; 13230   ; saiu
7731568  ; 1    ; 13223   ; entrou
7731727  ; 1    ; 13226   ; cheio
7731874  ; 1    ; 13229   ; cheio
7732742  ; 0    ; 13223   ; saiu
7733030  ; 1    ; 13235   ; entrou
7733375  ; 1    ; 13228   ; cheio
7733441  ; 1    ; 13239   ; cheio
7734097  ; 1    ; 13240   ; cheio
7734485  ; 0    ; 13235   ; saiu
7736702  ; 1    ; 13237   ; entrou
7737371  ; 0    ; 13237   ; saiu
7742524  ; 1    ; 13243   ; entrou
7742694  ; 1    ; 13242   ; entrou
7742832  ; 1    ; 13243   ; saiu
7742893  ; 1    ; 13241   ; entrou
7742990  ; 1    ; 13242   ; saiu
7743092  ; 0    ; 13241   ; saiu
7744136  ; 1    ; 13247   ; entrou
7744137  ; 1    ; 13246   ; cheio
7744138  ; 1    ; 13249   ; cheio
7744377  ; 0    ; 13247   ; saiu
7744439  ; 1    ; 13244   ; entrou
7744553  ; 0    ; 13244   ; saiu
7745368  ; 1    ; 13254   ; entrou
7745401  ; 1    ; 13251   ; cheio
7745940  ; 1    ; 13248   ; cheio
7746404  ; 1    ; 13253   ; entrou
7746505  ; 1    ; 13254   ; saiu
7746412  ; 1    ; 13257   ; cheio
7746768  ; 1    ; 13259   ; cheio
7747034  ; 0    ; 13253   ; saiu
7747516  ; 1    ; 13262   ; entrou
7747603  ; 1    ; 13260   ; cheio
7747854  ; 0    ; 13262   ; saiu
7748169  ; 1    ; 13265   ; entrou
7748305  ; 0    ; 13265   ; saiu
7748939  ; 1    ; 13261   ; entrou
7750320  ; 1    ; 13245   ; cheio
7750435  ; 1    ; 13258   ; entrou
7750708  ; 1    ; 13261   ; saiu
7751206  ; 0    ; 13258   ; saiu
7751621  ; 1    ; 13264   ; entrou
7753666  ; 1    ; 13267   ; cheio
7753744  ; 1    ; 13263   ; cheio
7754229  ; 1    ; 13266   ; cheio
7755723  ; 0    ; 13264   ; saiu
7758049  ; 1    ; 13268   ; entrou
7758492  ; 1    ; 13270   ; cheio
7758655  ; 1    ; 13271   ; cheio
7758921  ; 0    ; 13268   ; saiu
7760845  ; 1    ; 13272   ; entrou
7761058  ; 1    ; 13273   ; cheio
7761558  ; 0    ; 13272   ; saiu
7762275  ; 1    ; 13274   ; entrou
7762713  ; 0    ; 13274   ; saiu
7762969  ; 1    ; 13276   ; entrou
7763506  ; 1    ; 13277   ; entrou
7763634  ; 1    ; 13276   ; saiu
7763884  ; 0    ; 13277   ; saiu
7769404  ; 1    ; 13275   ; entrou
7770769  ; 1    ; 13269   ; cheio
7772052  ; 1    ; 13282   ; cheio
7772343  ; 1    ; 13279   ; cheio
7772617  ; 1    ; 13283   ; cheio
7773105  ; 0    ; 13275   ; saiu
7772049  ; 1    ; 13278   ; entrou
7774374  ; 1    ; 13286   ; entrou
7775168  ; 1    ; 13278   ; saiu
7775361  ; 0    ; 13286   ; saiu
7776121  ; 1    ; 13287   ; entrou
7776659  ; 1    ; 13280   ; cheio
7777406  ; 0    ; 13287   ; saiu
7781719  ; 1    ; 13294   ; entrou
7781955  ; 1    ; 13289   ; cheio
7782390  ; 0    ; 13294   ; saiu
7782884  ; 1    ; 13291   ; entrou
7783081  ; 0    ; 13291   ; saiu
7783359  ; 1    ; 13295   ; entrou
7783713  ; 0    ; 13295   ; saiu
7783836  ; 1    ; 13293   ; entrou
7783966  ; 0    ; 13293   ; saiu
7784446  ; 1    ; 13297   ; entrou
7785212  ; 0    ; 13297   ; saiu
7787006  ; 1    ; 13296   ; entrou
7787178  ; 1    ; 13298   ; cheio
7787601  ; 0    ; 13296   ; saiu
7788860  ; 1    ; 13299   ; entrou
7791250  ; 0    ; 13299   ; saiu
7792677  ; 1    ; 13305   ; entrou
7792874  ; 0    ; 13305   ; saiu
7797321  ; 1    ; 13307   ; entrou
7798623  ; 0    ; 13307   ; saiu
7800136  ; 1    ; 13310   ; entrou
7800446  ; 1    ; 13312   ; cheio
7800754  ; 1    ; 13308   ; entrou
7800931  ; 1    ; 13310   ; saiu
7801275  ; 0    ; 13308   ; saiu
7801614  ; 1    ; 13309   ; entrou
7801900  ; 1    ; 13313   ; cheio
7802275  ; 0    ; 13309   ; saiu
7867151  ; 1    ; 13311   ; entrou
7869564  ; 0    ; 13311   ; saiu
7869752  ; 1    ; 13288   ; entrou
7869954  ; 1    ; 13302   ; cheio
7870246  ; 1    ; 13300   ; cheio
7870483  ; 1    ; 13290   ; entrou
7870589  ; 1    ; 13288   ; saiu
7872884  ; 1    ; 13306   ; cheio
7878201  ; 1    ; 13318   ; entrou
7878214  ; 1    ; 13290   ; saiu
7878193  ; 1    ; 13330   ; cheio
7878424  ; 0    ; 13318   ; saiu
7878336  ; 1    ; 13320   ; entrou
7878853  ; 1    ; 13324   ; cheio
7879174  ; 1    ; 13351   ; entrou
7879472  ; 0    ; 13351   ; saiu
7879222  ; 0    ; 13320   ; saiu
7880448  ; 1    ; 13323   ; entrou
7880910  ; 0    ; 13323   ; saiu
7881560  ; 1    ; 13329   ; entrou
7878881  ; 1    ; 13316   ; cheio
7881915  ; 0    ; 13329   ; saiu
7881562  ; 1    ; 13326   ; cheio
7883783  ; 1    ; 13328   ; entrou
7884230  ; 0    ; 13328   ; saiu
7885222  ; 1    ; 13381   ; entrou
7885257  ; 1    ; 13315   ; cheio
7885539  ; 1    ; 13321   ; cheio
7885881  ; 0    ; 13381   ; saiu
7886998  ; 1    ; 13378   ; entrou
7887160  ; 1    ; 13382   ; cheio
7887481  ; 1    ; 13314   ; cheio
7887934  ; 1    ; 13327   ; cheio
7888985  ; 0    ; 13378   ; saiu
7891935  ; 1    ; 13387   ; entrou
7892595  ; 1    ; 13322   ; cheio
7892637  ; 1    ; 13325   ; cheio
7892781  ; 1    ; 13383   ; cheio
7892960  ; 1    ; 13331   ; cheio
7893095  ; 0    ; 13387   ; saiu
7893218  ; 1    ; 13386   ; entrou
7893348  ; 1    ; 13319   ; cheio
7893485  ; 1    ; 13303   ; cheio
7893812  ; 1    ; 13391   ; cheio
7892637  ; 1    ; 13317   ; cheio
7893812  ; 1    ; 13388   ; cheio
7895422  ; 1    ; 13394   ; cheio
7895491  ; 1    ; 13379   ; cheio
7896794  ; 1    ; 13392   ; cheio
7897365  ; 1    ; 13385   ; cheio
7899118  ; 0    ; 13386   ; saiu
7900166  ; 1    ; 13332   ; entrou
7900730  ; 0    ; 13332   ; saiu
7902719  ; 1    ; 13397   ; entrou
7902956  ; 1    ; 13398   ; cheio
7903629  ; 0    ; 13397   ; saiu
7903631  ; 1    ; 13380   ; entrou
7904793  ; 0    ; 13380   ; saiu
7907110  ; 1    ; 13400   ; entrou
7910026  ; 1    ; 13384   ; entrou
7910871  ; 1    ; 13400   ; saiu
7912562  ; 0    ; 13384   ; saiu
7913307  ; 1    ; 13402   ; entrou
7913862  ; 1    ; 13395   ; cheio
7915060  ; 0    ; 13402   ; saiu
7915716  ; 1    ; 13405   ; entrou
7916526  ; 0    ; 13405   ; saiu
7918294  ; 1    ; 13404   ; entrou
7919013  ; 0    ; 13404   ; saiu
7920397  ; 1    ; 13408   ; entrou
7921023  ; 0    ; 13408   ; saiu
7921677  ; 1    ; 13407   ; entrou
7922229  ; 0    ; 13407   ; saiu
7922435  ; 1    ; 13411   ; entrou
7922770  ; 0    ; 13411   ; saiu
7922987  ; 1    ; 13412   ; entrou
7923584  ; 1    ; 13413   ; cheio
7924327  ; 0    ; 13412   ; saiu
7927145  ; 1    ; 13416   ; entrou
7927543  ; 1    ; 13414   ; cheio
7928555  ; 0    ; 13416   ; saiu
7927925  ; 1    ; 13418   ; entrou
7931000  ; 0    ; 13418   ; saiu
7933314  ; 1    ; 13420   ; entrou
7933823  ; 0    ; 13420   ; saiu
7933896  ; 1    ; 13424   ; entrou
7935102  ; 0    ; 13424   ; saiu
7936708  ; 1    ; 13421   ; entrou
7936704  ; 1    ; 13419   ; cheio
7937017  ; 0    ; 13421   ; saiu
7937951  ; 1    ; 13425   ; entrou
7939681  ; 0    ; 13425   ; saiu
7941536  ; 1    ; 13410   ; entrou
7941955  ; 1    ; 13399   ; cheio
7942615  ; 1    ; 13426   ; cheio
7942879  ; 1    ; 13427   ; cheio
7943219  ; 0    ; 13410   ; saiu
7943373  ; 1    ; 13401   ; entrou
7943566  ; 1    ; 13430   ; cheio
7944456  ; 1    ; 13432   ; cheio
7947284  ; 1    ; 13429   ; entrou
7947152  ; 1    ; 13428   ; cheio
7947139  ; 1    ; 13401   ; saiu
7949139  ; 0    ; 13429   ; saiu
7954533  ; 1    ; 13423   ; entrou
7955536  ; 0    ; 13423   ; saiu
7957730  ; 1    ; 13434   ; entrou
7959526  ; 0    ; 13434   ; saiu
7962790  ; 1    ; 13445   ; entrou
7964724  ; 0    ; 13445   ; saiu
7971536  ; 1    ; 13435   ; entrou
7971643  ; 1    ; 13433   ; cheio
7971641  ; 1    ; 13431   ; cheio
7971929  ; 1    ; 13436   ; cheio
7972213  ; 0    ; 13435   ; saiu
7976166  ; 1    ; 13443   ; entrou
7976490  ; 0    ; 13443   ; saiu
7981285  ; 1    ; 13439   ; entrou
7982294  ; 0    ; 13439   ; saiu
7986827  ; 1    ; 13441   ; entrou
7988312  ; 0    ; 13441   ; saiu
7988668  ; 1    ; 13448   ; entrou
7989178  ; 1    ; 13447   ; cheio
7990802  ; 0    ; 13448   ; saiu
7995443  ; 1    ; 13442   ; entrou
7996307  ; 1    ; 13451   ; cheio
7998141  ; 0    ; 13442   ; saiu
8001238  ; 1    ; 13454   ; entrou
8002257  ; 0    ; 13454   ; saiu
8002996  ; 1    ; 13452   ; entrou
8004089  ; 1    ; 13437   ; cheio
8004121  ; 1    ; 13457   ; cheio
8004420  ; 1    ; 13468   ; cheio
8004703  ; 0    ; 13452   ; saiu
8005279  ; 1    ; 13460   ; entrou
8005692  ; 1    ; 13456   ; entrou
8005870  ; 1    ; 13460   ; saiu
8006158  ; 0    ; 13456   ; saiu
8006721  ; 1    ; 13458   ; entrou
8007161  ; 1    ; 13459   ; cheio
8007218  ; 1    ; 13453   ; cheio
8007900  ; 1    ; 13469   ; cheio
8008282  ; 1    ; 13446   ; cheio
8008237  ; 1    ; 13450   ; cheio
8008641  ; 1    ; 13462   ; cheio
8009052  ; 1    ; 13475   ; cheio
8010592  ; 0    ; 13458   ; saiu
8010071  ; 1    ; 13473   ; entrou
8012964  ; 0    ; 13473   ; saiu
8014473  ; 1    ; 13470   ; entrou
8016438  ; 0    ; 13470   ; saiu
8020204  ; 1    ; 13471   ; entrou
8022424  ; 0    ; 13471   ; saiu
8022725  ; 1    ; 13474   ; entrou
8023451  ; 1    ; 13472   ; entrou
8023565  ; 1    ; 13474   ; saiu
8024562  ; 1    ; 13463   ; cheio
8026242  ; 0    ; 13472   ; saiu
8022731  ; 1    ; 13476   ; entrou
8034102  ; 0    ; 13476   ; saiu
8035089  ; 1    ; 13478   ; entrou
8035800  ; 0    ; 13478   ; saiu
8050450  ; 1    ; 13480   ; entrou
8050693  ; 1    ; 13461   ; cheio
8051011  ; 0    ; 13480   ; saiu
8051531  ; 1    ; 13465   ; entrou
8051758  ; 1    ; 13482   ; cheio
8051916  ; 1    ; 13477   ; entrou
8052003  ; 1    ; 13465   ; saiu
8052154  ; 1    ; 13479   ; entrou
8052190  ; 1    ; 13477   ; saiu
8052320  ; 0    ; 13479   ; saiu
8051653  ; 1    ; 13492   ; entrou
8053773  ; 1    ; 13481   ; cheio
8054135  ; 0    ; 13492   ; saiu
8054511  ; 1    ; 13484   ; entrou
8054901  ; 0    ; 13484   ; saiu
8056990  ; 1    ; 13488   ; entrou
8057017  ; 1    ; 13486   ; cheio
8057972  ; 0    ; 13488   ; saiu
8058060  ; 1    ; 13483   ; entrou
8060289  ; 0    ; 13483   ; saiu
8061066  ; 1    ; 13466   ; entrou
8061633  ; 0    ; 13466   ; saiu
8063042  ; 1    ; 13489   ; entrou
8063393  ; 1    ; 13490   ; cheio
8064775  ; 1    ; 13494   ; entrou
8065519  ; 0    ; 13494   ; saiu
8067700  ; 1    ; 13502   ; entrou
8065042  ; 0    ; 13489   ; saiu
8064522  ; 1    ; 13495   ; entrou
8068501  ; 1    ; 13502   ; saiu
8070809  ; 0    ; 13495   ; saiu
8070986  ; 1    ; 13491   ; entrou
8074328  ; 1    ; 13501   ; cheio
8076827  ; 0    ; 13491   ; saiu
8077077  ; 1    ; 13524   ; entrou
8075878  ; 1    ; 13500   ; cheio
8076887  ; 1    ; 13497   ; cheio
8078388  ; 0    ; 13524   ; saiu
8078752  ; 1    ; 13506   ; entrou
8079201  ; 0    ; 13506   ; saiu
8079480  ; 1    ; 13508   ; entrou
8079862  ; 0    ; 13508   ; saiu
8080327  ; 1    ; 13510   ; entrou
8080686  ; 0    ; 13510   ; saiu
8085542  ; 1    ; 13505   ; entrou
8085551  ; 1    ; 13507   ; cheio
8085742  ; 1    ; 13509   ; cheio
8087567  ; 0    ; 13505   ; saiu
8087528  ; 1    ; 13498   ; entrou
8087915  ; 0    ; 13498   ; saiu
8089304  ; 1    ; 13493   ; entrou
8089974  ; 0    ; 13493   ; saiu
8090231  ; 1    ; 13531   ; entrou
8090653  ; 0    ; 13531   ; saiu
8092549  ; 1    ; 13526   ; entrou
8092895  ; 0    ; 13526   ; saiu
8099784  ; 1    ; 13521   ; entrou
8099815  ; 1    ; 13520   ; cheio
8100417  ; 1    ; 13503   ; cheio
8100889  ; 1    ; 13518   ; cheio
8101007  ; 1    ; 13522   ; cheio
8101292  ; 1    ; 13527   ; cheio
8102794  ; 1    ; 13523   ; cheio
8103681  ; 1    ; 13519   ; cheio
8105719  ; 0    ; 13521   ; saiu
8099155  ; 1    ; 13557   ; entrou
8109377  ; 0    ; 13557   ; saiu
8117115  ; 1    ; 13516   ; entrou
8117264  ; 1    ; 13511   ; cheio
8118246  ; 1    ; 13504   ; cheio
8118736  ; 1    ; 13553   ; cheio
8118945  ; 1    ; 13512   ; cheio
8120482  ; 1    ; 13576   ; entrou
8120903  ; 1    ; 13516   ; saiu
8121229  ; 1    ; 13532   ; cheio
8122204  ; 1    ; 13534   ; cheio
8122921  ; 1    ; 13544   ; cheio
8125872  ; 1    ; 13517   ; cheio
8127895  ; 1    ; 13514   ; cheio
8129453  ; 1    ; 13530   ; cheio
8132524  ; 1    ; 13561   ; cheio
8133217  ; 1    ; 13545   ; cheio
8137940  ; 1    ; 13533   ; cheio
8138634  ; 0    ; 13576   ; saiu
8139615  ; 1    ; 13515   ; entrou
8143246  ; 0    ; 13515   ; saiu
8151331  ; 1    ; 13513   ; entrou
8153385  ; 1    ; 13578   ; cheio
8155061  ; 0    ; 13513   ; saiu
8155537  ; 1    ; 13587   ; entrou
8155979  ; 1    ; 13593   ; cheio
8155981  ; 1    ; 13589   ; cheio
8155980  ; 1    ; 13603   ; cheio
8157671  ; 0    ; 13587   ; saiu
8157670  ; 1    ; 13596   ; entrou
8158649  ; 0    ; 13596   ; saiu
8159700  ; 1    ; 13602   ; entrou
8160750  ; 0    ; 13602   ; saiu
8160244  ; 1    ; 13598   ; entrou
8162595  ; 0    ; 13598   ; saiu
8168657  ; 1    ; 13600   ; entrou
8169284  ; 1    ; 13588   ; cheio
8169440  ; 1    ; 13607   ; cheio
8172524  ; 0    ; 13600   ; saiu
8175691  ; 1    ; 13618   ; entrou
8176775  ; 0    ; 13618   ; saiu
8178167  ; 1    ; 13608   ; entrou
8180396  ; 1    ; 13610   ; entrou
8180845  ; 1    ; 13608   ; saiu
8184498  ; 0    ; 13610   ; saiu
8185140  ; 1    ; 13579   ; cheio
8185837  ; 1    ; 13581   ; cheio
8186505  ; 1    ; 13583   ; cheio
8187203  ; 1    ; 13586   ; cheio
8188752  ; 1    ; 13594   ; cheio
8184465  ; 1    ; 13580   ; entrou
8189381  ; 1    ; 13595   ; cheio
8191706  ; 0    ; 13580   ; saiu
8195979  ; 1    ; 13605   ; entrou
8197464  ; 1    ; 13615   ; cheio
8199262  ; 0    ; 13605   ; saiu
8200310  ; 1    ; 13617   ; entrou
8200286  ; 1    ; 13630   ; cheio
8202222  ; 0    ; 13617   ; saiu
8210107  ; 1    ; 13620   ; entrou
8211067  ; 1    ; 13591   ; cheio
8211528  ; 1    ; 13619   ; entrou
8211842  ; 1    ; 13620   ; saiu
8212895  ; 1    ; 13628   ; cheio
8213358  ; 1    ; 13629   ; entrou
8213502  ; 1    ; 13619   ; saiu
8215658  ; 0    ; 13629   ; saiu
8215757  ; 1    ; 13635   ; entrou
8217074  ; 0    ; 13635   ; saiu
8217204  ; 1    ; 13601   ; entrou
8217889  ; 1    ; 13597   ; cheio
8218540  ; 1    ; 13614   ; cheio
8218854  ; 1    ; 13604   ; cheio
8218995  ; 0    ; 13601   ; saiu
8219225  ; 1    ; 13637   ; entrou
8219416  ; 1    ; 13622   ; cheio
8219643  ; 1    ; 13636   ; entrou
8219691  ; 1    ; 13637   ; saiu
8220137  ; 1    ; 13621   ; entrou
8220138  ; 0    ; 13636   ; saiu
8220139  ; 1    ; 13638   ; cheio
8221625  ; 1    ; 13616   ; cheio
8221674  ; 1    ; 13639   ; cheio
8222026  ; 1    ; 13640   ; cheio
8221620  ; 1    ; 13631   ; cheio
8222352  ; 1    ; 13612   ; cheio
8222692  ; 0    ; 13621   ; saiu
8223730  ; 1    ; 13641   ; entrou
8223930  ; 1    ; 13632   ; cheio
8224361  ; 1    ; 13633   ; entrou
8224810  ; 0    ; 13641   ; saiu
8225043  ; 0    ; 13633   ; saiu
8225450  ; 1    ; 13644   ; entrou
8225537  ; 1    ; 13627   ; cheio
8224178  ; 1    ; 13626   ; cheio
8227209  ; 1    ; 13643   ; cheio
8227210  ; 1    ; 13634   ; cheio
8227441  ; 1    ; 13624   ; cheio
8227882  ; 1    ; 13645   ; cheio
8228518  ; 0    ; 13644   ; saiu
8230411  ; 1    ; 13625   ; entrou
8231691  ; 1    ; 13642   ; cheio
8232235  ; 0    ; 13625   ; saiu
8234901  ; 1    ; 13649   ; entrou
8235024  ; 1    ; 13646   ; cheio
8236129  ; 0    ; 13649   ; saiu
8236139  ; 1    ; 13648   ; entrou
8236549  ; 0    ; 13648   ; saiu
8237458  ; 1    ; 13650   ; entrou
8239488  ; 0    ; 13650   ; saiu
8242439  ; 1    ; 13653   ; entrou
8243264  ; 0    ; 13653   ; saiu
8248641  ; 1    ; 13652   ; entrou
8249483  ; 0    ; 13652   ; saiu
8253043  ; 1    ; 13655   ; entrou
8254650  ; 1    ; 13657   ; cheio
8256282  ; 1    ; 13661   ; entrou
8256768  ; 1    ; 13655   ; saiu
8257783  ; 0    ; 13661   ; saiu
8262994  ; 1    ; 13647   ; entrou
8264454  ; 0    ; 13647   ; saiu
8264957  ; 1    ; 13663   ; entrou
8265009  ; 1    ; 13660   ; cheio
8265009  ; 1    ; 13662   ; entrou
8265992  ; 1    ; 13663   ; saiu
8266021  ; 1    ; 13658   ; cheio
8266262  ; 1    ; 13664   ; cheio
8266621  ; 0    ; 13662   ; saiu
8270730  ; 1    ; 13666   ; entrou
8273167  ; 0    ; 13666   ; saiu
8274888  ; 1    ; 13668   ; entrou
8275105  ; 1    ; 13667   ; cheio
8275628  ; 1    ; 13669   ; cheio
8276843  ; 0    ; 13668   ; saiu
8280095  ; 1    ; 13670   ; entrou
8280159  ; 1    ; 13673   ; cheio
8280769  ; 1    ; 13671   ; cheio
8281438  ; 1    ; 13675   ; cheio
8282678  ; 1    ; 13674   ; entrou
8282813  ; 0    ; 13670   ; saiu
8283491  ; 0    ; 13674   ; saiu
8285472  ; 1    ; 13672   ; entrou
8285645  ; 1    ; 13676   ; cheio
8285585  ; 1    ; 13679   ; cheio
8286424  ; 0    ; 13672   ; saiu
8286590  ; 1    ; 13678   ; entrou
8286764  ; 0    ; 13678   ; saiu
8288315  ; 1    ; 13677   ; entrou
8288340  ; 1    ; 13682   ; cheio
8288321  ; 1    ; 13683   ; cheio
8288738  ; 0    ; 13677   ; saiu
8291685  ; 1    ; 13680   ; entrou
8292902  ; 0    ; 13680   ; saiu
8303449  ; 1    ; 13651   ; entrou
8304314  ; 0    ; 13651   ; saiu
8307759  ; 1    ; 13684   ; entrou
8308481  ; 0    ; 13684   ; saiu
8305560  ; 1    ; 13681   ; entrou
8312927  ; 1    ; 13685   ; cheio
8314057  ; 0    ; 13681   ; saiu
8316292  ; 1    ; 13687   ; entrou
8320704  ; 1    ; 13689   ; cheio
8322116  ; 1    ; 13686   ; cheio
8326253  ; 1    ; 13694   ; cheio
8326980  ; 0    ; 13687   ; saiu
8327147  ; 1    ; 13695   ; entrou
8327569  ; 0    ; 13695   ; saiu
8328549  ; 1    ; 13705   ; entrou
8329159  ; 0    ; 13705   ; saiu
8326609  ; 1    ; 13693   ; entrou
8331214  ; 1    ; 13712   ; cheio
8331269  ; 1    ; 13696   ; cheio
8331610  ; 0    ; 13693   ; saiu
8332134  ; 1    ; 13697   ; entrou
8332788  ; 1    ; 13700   ; cheio
8333323  ; 1    ; 13701   ; cheio
8334881  ; 1    ; 13698   ; cheio
8335865  ; 1    ; 13707   ; cheio
8336180  ; 1    ; 13718   ; cheio
8336893  ; 1    ; 13716   ; entrou
8337180  ; 1    ; 13697   ; saiu
8337517  ; 1    ; 13714   ; cheio
8337997  ; 1    ; 13719   ; cheio
8340520  ; 0    ; 13716   ; saiu
8346087  ; 1    ; 13720   ; entrou
8348716  ; 0    ; 13720   ; saiu
8350994  ; 1    ; 13724   ; entrou
8351869  ; 0    ; 13724   ; saiu
8353858  ; 1    ; 13725   ; entrou
8356065  ; 1    ; 13723   ; entrou
8356032  ; 1    ; 13725   ; saiu
8360203  ; 0    ; 13723   ; saiu
8362007  ; 1    ; 13729   ; entrou
8364243  ; 0    ; 13729   ; saiu
8367933  ; 1    ; 13733   ; entrou
8369706  ; 0    ; 13733   ; saiu
8369707  ; 1    ; 13731   ; entrou
8369313  ; 1    ; 13735   ; cheio
8370480  ; 0    ; 13731   ; saiu
8374104  ; 1    ; 13738   ; entrou
8375054  ; 1    ; 13740   ; cheio
8375081  ; 1    ; 13739   ; cheio
8376881  ; 0    ; 13738   ; saiu
8379959  ; 1    ; 13722   ; entrou
8380884  ; 1    ; 13721   ; cheio
8380949  ; 1    ; 13727   ; cheio
8382275  ; 1    ; 13728   ; cheio
8382955  ; 0    ; 13722   ; saiu
8384550  ; 1    ; 13730   ; entrou
8384744  ; 1    ; 13748   ; cheio
8385281  ; 0    ; 13730   ; saiu
8385455  ; 1    ; 13749   ; entrou
8385500  ; 0    ; 13749   ; saiu
8386024  ; 1    ; 13743   ; entrou
8387011  ; 0    ; 13743   ; saiu
8388002  ; 1    ; 13750   ; entrou
8389192  ; 1    ; 13754   ; cheio
8389276  ; 0    ; 13750   ; saiu
8389460  ; 1    ; 13751   ; entrou
8390113  ; 1    ; 13752   ; cheio
8392835  ; 0    ; 13751   ; saiu
8392832  ; 1    ; 13760   ; entrou
8394622  ; 0    ; 13760   ; saiu
8397142  ; 1    ; 13756   ; entrou
8399566  ; 0    ; 13756   ; saiu
8404427  ; 1    ; 13762   ; entrou
8406781  ; 0    ; 13762   ; saiu
8415035  ; 1    ; 13771   ; entrou
8417504  ; 0    ; 13771   ; saiu
8438381  ; 1    ; 13781   ; entrou
8440670  ; 0    ; 13781   ; saiu
8445962  ; 1    ; 13763   ; entrou
8448147  ; 0    ; 13763   ; saiu
8448828  ; 1    ; 13764   ; entrou
8451230  ; 0    ; 13764   ; saiu
8450525  ; 1    ; 13773   ; entrou
8451930  ; 1    ; 13770   ; cheio
8453550  ; 1    ; 13806   ; entrou
8453783  ; 1    ; 13773   ; saiu
8454268  ; 0    ; 13806   ; saiu
8458979  ; 1    ; 13810   ; entrou
8460006  ; 0    ; 13810   ; saiu
8464504  ; 1    ; 13811   ; entrou
8459028  ; 1    ; 13808   ; cheio
8465569  ; 0    ; 13811   ; saiu
8470830  ; 1    ; 13816   ; entrou
8472949  ; 0    ; 13816   ; saiu
8475122  ; 1    ; 13820   ; entrou
8476393  ; 0    ; 13820   ; saiu
8484159  ; 1    ; 13821   ; entrou
8487792  ; 1    ; 13827   ; cheio
8488179  ; 1    ; 13824   ; cheio
8488826  ; 0    ; 13821   ; saiu
8489945  ; 1    ; 13826   ; entrou
8490934  ; 0    ; 13826   ; saiu
8492793  ; 1    ; 13833   ; entrou
8494220  ; 1    ; 13833   ; saiu
8494249  ; 1    ; 13834   ; entrou
8496789  ; 0    ; 13834   ; saiu
8509786  ; 1    ; 13837   ; entrou
8512743  ; 0    ; 13837   ; saiu
8515996  ; 1    ; 13838   ; entrou
8517950  ; 0    ; 13838   ; saiu
8518681  ; 1    ; 13836   ; entrou
8520630  ; 0    ; 13836   ; saiu
8523520  ; 1    ; 13853   ; entrou
8525749  ; 0    ; 13853   ; saiu
8526523  ; 1    ; 13858   ; entrou
8526680  ; 0    ; 13858   ; saiu
8536275  ; 1    ; 13867   ; entrou
8538292  ; 0    ; 13867   ; saiu
8539640  ; 1    ; 13864   ; entrou
8541126  ; 0    ; 13864   ; saiu
8554671  ; 1    ; 13877   ; entrou
8558234  ; 0    ; 13877   ; saiu
8562997  ; 1    ; 13879   ; entrou
8564075  ; 0    ; 13879   ; saiu
8572098  ; 1    ; 13865   ; entrou
8572731  ; 0    ; 13865   ; saiu
8578447  ; 1    ; 13884   ; entrou
8579108  ; 1    ; 13893   ; cheio
8580814  ; 0    ; 13884   ; saiu
8605075  ; 1    ; 13908   ; entrou
8605647  ; 0    ; 13908   ; saiu
8605768  ; 1    ; 13902   ; entrou
8606228  ; 0    ; 13902   ; saiu
8610593  ; 1    ; 13917   ; entrou
8612745  ; 0    ; 13917   ; saiu
8645429  ; 1    ; 13924   ; entrou
8647436  ; 1    ; 13926   ; cheio
8648200  ; 0    ; 13924   ; saiu
8652792  ; 1    ; 13923   ; entrou
8653927  ; 0    ; 13923   ; saiu
8662947  ; 1    ; 13955   ; entrou
8665097  ; 0    ; 13955   ; saiu
8684079  ; 1    ; 13969   ; entrou
8685501  ; 0    ; 13969   ; saiu
8696488  ; 1    ; 13952   ; entrou
8698660  ; 0    ; 13952   ; saiu
8704573  ; 1    ; 13980   ; entrou
8706772  ; 0    ; 13980   ; saiu
8723201  ; 1    ; 13981   ; entrou
8724461  ; 1    ; 13953   ; cheio
8725647  ; 1    ; 13962   ; cheio
8723106  ; 1    ; 13949   ; cheio
8728420  ; 0    ; 13981   ; saiu
8728424  ; 1    ; 13984   ; entrou
8731875  ; 0    ; 13984   ; saiu
8734037  ; 1    ; 13988   ; entrou
8738935  ; 1    ; 13997   ; cheio
8738326  ; 1    ; 13998   ; cheio
8740743  ; 1    ; 14004   ; entrou
8742334  ; 1    ; 13995   ; cheio
8740084  ; 1    ; 13988   ; saiu
8744195  ; 0    ; 14004   ; saiu
8749565  ; 1    ; 14005   ; entrou
8750526  ; 0    ; 14005   ; saiu
8751837  ; 1    ; 14010   ; entrou
8752639  ; 0    ; 14010   ; saiu
8755960  ; 1    ; 14012   ; entrou
8756612  ; 1    ; 14014   ; entrou
8756617  ; 0    ; 14012   ; saiu
8757214  ; 0    ; 14014   ; saiu
8758187  ; 1    ; 14013   ; entrou
8759674  ; 0    ; 14013   ; saiu
8760725  ; 1    ; 14017   ; entrou
8761499  ; 1    ; 14015   ; cheio
8762331  ; 1    ; 14019   ; cheio
8763059  ; 0    ; 14017   ; saiu
8766528  ; 1    ; 14016   ; entrou
8762279  ; 1    ; 14018   ; cheio
8767889  ; 1    ; 14023   ; cheio
8769388  ; 1    ; 14024   ; entrou
8771844  ; 0    ; 14024   ; saiu
8769645  ; 0    ; 14016   ; saiu
8779872  ; 1    ; 14020   ; entrou
8782014  ; 1    ; 14026   ; cheio
8783595  ; 1    ; 14030   ; cheio
8785999  ; 1    ; 14031   ; cheio
8791733  ; 1    ; 14037   ; cheio
8793299  ; 0    ; 14020   ; saiu
8793815  ; 1    ; 14029   ; entrou
8794435  ; 0    ; 14029   ; saiu
8796421  ; 1    ; 14039   ; entrou
8797327  ; 1    ; 14040   ; entrou
8797379  ; 1    ; 14039   ; saiu
8797837  ; 0    ; 14040   ; saiu
8800518  ; 1    ; 14041   ; entrou
8800841  ; 0    ; 14041   ; saiu
8802287  ; 1    ; 14042   ; entrou
8802956  ; 1    ; 14045   ; cheio
8802937  ; 1    ; 14046   ; cheio
8804546  ; 1    ; 14043   ; cheio
8807290  ; 0    ; 14042   ; saiu
8808322  ; 1    ; 14047   ; entrou
8809121  ; 0    ; 14047   ; saiu
8811586  ; 1    ; 14055   ; entrou
8812517  ; 0    ; 14055   ; saiu
8814140  ; 1    ; 14049   ; entrou
8814723  ; 1    ; 14052   ; cheio
8815313  ; 1    ; 14050   ; cheio
8817803  ; 1    ; 14058   ; cheio
8818809  ; 0    ; 14049   ; saiu
8820155  ; 1    ; 14062   ; entrou
8821013  ; 0    ; 14062   ; saiu
8821836  ; 1    ; 14054   ; entrou
8822655  ; 0    ; 14054   ; saiu
8828496  ; 1    ; 14060   ; entrou
8828435  ; 1    ; 14065   ; cheio
8833248  ; 0    ; 14060   ; saiu
8848670  ; 1    ; 14066   ; entrou
8850494  ; 0    ; 14066   ; saiu
8853978  ; 1    ; 14072   ; entrou
8855904  ; 0    ; 14072   ; saiu
8855908  ; 1    ; 14071   ; entrou
8856622  ; 1    ; 14070   ; cheio
8856990  ; 0    ; 14071   ; saiu
8865367  ; 1    ; 14068   ; entrou
8867931  ; 0    ; 14068   ; saiu
8870690  ; 1    ; 14075   ; entrou
8872331  ; 0    ; 14075   ; saiu
8874933  ; 1    ; 14076   ; entrou
8877088  ; 0    ; 14076   ; saiu
8880474  ; 1    ; 14074   ; entrou
8882916  ; 1    ; 14078   ; cheio
8883612  ; 1    ; 14085   ; cheio
8884021  ; 0    ; 14074   ; saiu
8884078  ; 1    ; 14092   ; entrou
8884495  ; 0    ; 14092   ; saiu
8885348  ; 1    ; 14094   ; entrou
8888755  ; 0    ; 14094   ; saiu
8889637  ; 1    ; 14105   ; entrou
8890437  ; 0    ; 14105   ; saiu
8883613  ; 1    ; 14089   ; cheio
8892627  ; 1    ; 14093   ; entrou
8897275  ; 1    ; 14110   ; entrou
8897700  ; 1    ; 14093   ; saiu
8898514  ; 1    ; 14107   ; cheio
8899945  ; 0    ; 14110   ; saiu
8903404  ; 1    ; 14108   ; entrou
8905382  ; 0    ; 14108   ; saiu
8906306  ; 1    ; 14114   ; entrou
8907380  ; 0    ; 14114   ; saiu
8913348  ; 1    ; 14109   ; entrou
8917046  ; 0    ; 14109   ; saiu
8921346  ; 1    ; 14118   ; entrou
8923548  ; 1    ; 14119   ; cheio
8923739  ; 1    ; 14123   ; cheio
8927078  ; 0    ; 14118   ; saiu
8930740  ; 1    ; 14120   ; entrou
8933061  ; 0    ; 14120   ; saiu
8936311  ; 1    ; 14124   ; entrou
8938585  ; 0    ; 14124   ; saiu
8940743  ; 1    ; 14130   ; entrou
8941814  ; 0    ; 14130   ; saiu
8942259  ; 1    ; 14133   ; entrou
8943353  ; 1    ; 14132   ; entrou
8944724  ; 0    ; 14132   ; saiu
8942722  ; 0    ; 14133   ; saiu
8947851  ; 1    ; 14138   ; entrou
8949394  ; 0    ; 14138   ; saiu
8952610  ; 1    ; 14142   ; entrou
8953466  ; 0    ; 14142   ; saiu
8955111  ; 1    ; 14143   ; entrou
8956100  ; 0    ; 14143   ; saiu
8970462  ; 1    ; 14152   ; entrou
8971561  ; 0    ; 14152   ; saiu
8975314  ; 1    ; 14144   ; entrou
8975315  ; 1    ; 14145   ; cheio
8975463  ; 0    ; 14144   ; saiu
8976472  ; 1    ; 14159   ; entrou
8978461  ; 0    ; 14159   ; saiu
8981532  ; 1    ; 14162   ; entrou
8985187  ; 0    ; 14162   ; saiu
8990900  ; 1    ; 14164   ; entrou
8991697  ; 0    ; 14164   ; saiu
8994483  ; 1    ; 14169   ; entrou
8995739  ; 0    ; 14169   ; saiu
9001461  ; 1    ; 14174   ; entrou
9001603  ; 0    ; 14174   ; saiu
9003254  ; 1    ; 14151   ; entrou
9003444  ; 1    ; 14170   ; cheio
9005184  ; 0    ; 14151   ; saiu
9006653  ; 1    ; 14179   ; entrou
9006635  ; 1    ; 14180   ; cheio
9007122  ; 1    ; 14178   ; cheio
9007676  ; 0    ; 14179   ; saiu
9009496  ; 1    ; 14185   ; entrou
9009497  ; 1    ; 14184   ; cheio
9009816  ; 0    ; 14185   ; saiu
9009865  ; 1    ; 14186   ; entrou
9010305  ; 0    ; 14186   ; saiu
9011596  ; 1    ; 14187   ; entrou
9011647  ; 1    ; 14188   ; cheio
9012129  ; 0    ; 14187   ; saiu
9012840  ; 1    ; 14192   ; entrou
9013468  ; 0    ; 14192   ; saiu
9013957  ; 1    ; 14190   ; entrou
9014579  ; 0    ; 14190   ; saiu
9014972  ; 1    ; 14189   ; entrou
9015426  ; 1    ; 14193   ; cheio
9016013  ; 0    ; 14189   ; saiu
9019665  ; 1    ; 14195   ; entrou
9019940  ; 1    ; 14194   ; cheio
9021201  ; 0    ; 14195   ; saiu
9024698  ; 1    ; 14197   ; entrou
9024795  ; 1    ; 14199   ; cheio
9024115  ; 1    ; 14196   ; cheio
9024993  ; 0    ; 14197   ; saiu
9028078  ; 1    ; 14201   ; entrou
9028052  ; 1    ; 14200   ; cheio
9029689  ; 0    ; 14201   ; saiu
9037424  ; 1    ; 14204   ; entrou
9038230  ; 1    ; 14203   ; entrou
9038991  ; 1    ; 14204   ; saiu
9039328  ; 1    ; 14206   ; cheio
9039560  ; 1    ; 14207   ; cheio
9040118  ; 1    ; 14209   ; cheio
9040184  ; 1    ; 14205   ; cheio
9040356  ; 0    ; 14203   ; saiu
9040610  ; 1    ; 14210   ; entrou
9040713  ; 1    ; 14208   ; entrou
9041285  ; 1    ; 14210   ; saiu
9041421  ; 1    ; 14213   ; cheio
9041951  ; 0    ; 14208   ; saiu
9043121  ; 1    ; 14214   ; entrou
9043770  ; 0    ; 14214   ; saiu
9044449  ; 1    ; 14216   ; entrou
9044458  ; 1    ; 14211   ; cheio
9045404  ; 0    ; 14216   ; saiu
9047879  ; 1    ; 14212   ; entrou
9048658  ; 0    ; 14212   ; saiu
9050211  ; 1    ; 14218   ; entrou
9051178  ; 1    ; 14215   ; cheio
9051972  ; 0    ; 14218   ; saiu
9054695  ; 1    ; 14222   ; entrou
9055486  ; 0    ; 14222   ; saiu
9055007  ; 1    ; 14223   ; entrou
9056439  ; 0    ; 14223   ; saiu
9059202  ; 1    ; 14221   ; entrou
9060004  ; 1    ; 14219   ; entrou
9060377  ; 1    ; 14221   ; saiu
9060608  ; 1    ; 14226   ; cheio
9061977  ; 0    ; 14219   ; saiu
9069940  ; 1    ; 14231   ; entrou
9071201  ; 0    ; 14231   ; saiu
9072928  ; 1    ; 14220   ; entrou
9072890  ; 1    ; 14234   ; cheio
9073869  ; 1    ; 14236   ; cheio
9076411  ; 1    ; 14233   ; cheio
9079559  ; 0    ; 14220   ; saiu
9084934  ; 1    ; 14229   ; entrou
9086810  ; 1    ; 14239   ; cheio
9087198  ; 1    ; 14228   ; entrou
9087737  ; 1    ; 14229   ; saiu
9088619  ; 1    ; 14230   ; cheio
9089034  ; 1    ; 14244   ; entrou
9089352  ; 1    ; 14228   ; saiu
9089547  ; 0    ; 14244   ; saiu
9089996  ; 1    ; 14237   ; entrou
9090347  ; 1    ; 14246   ; entrou
9089996  ; 1    ; 14243   ; cheio
9090482  ; 1    ; 14237   ; saiu
9090870  ; 0    ; 14246   ; saiu
9091015  ; 1    ; 14241   ; entrou
9091149  ; 0    ; 14241   ; saiu
9093511  ; 1    ; 14248   ; entrou
9093560  ; 1    ; 14235   ; cheio
9094176  ; 1    ; 14232   ; cheio
9093669  ; 1    ; 14238   ; entrou
9095630  ; 1    ; 14248   ; saiu
9096442  ; 0    ; 14238   ; saiu
9095837  ; 1    ; 14252   ; entrou
9097480  ; 0    ; 14252   ; saiu
9103488  ; 1    ; 14257   ; entrou
9104969  ; 0    ; 14257   ; saiu
9111697  ; 1    ; 14260   ; entrou
9113916  ; 0    ; 14260   ; saiu
9118305  ; 1    ; 14264   ; entrou
9119092  ; 1    ; 14262   ; cheio
9120900  ; 0    ; 14264   ; saiu
9128451  ; 1    ; 14265   ; entrou
9128454  ; 1    ; 14266   ; cheio
9128686  ; 1    ; 14269   ; cheio
9128967  ; 1    ; 14270   ; entrou
9129006  ; 1    ; 14265   ; saiu
9129107  ; 1    ; 14250   ; entrou
9129178  ; 1    ; 14270   ; saiu
9129407  ; 0    ; 14250   ; saiu
9129546  ; 1    ; 14253   ; entrou
9129718  ; 0    ; 14253   ; saiu
9129881  ; 1    ; 14271   ; entrou
9132186  ; 0    ; 14271   ; saiu
9135313  ; 1    ; 14281   ; entrou
9136336  ; 0    ; 14281   ; saiu
9139785  ; 1    ; 14255   ; entrou
9141828  ; 0    ; 14255   ; saiu
9142514  ; 1    ; 14273   ; cheio
9141819  ; 1    ; 14285   ; entrou
9142484  ; 1    ; 14274   ; cheio
9143366  ; 1    ; 14261   ; cheio
9143582  ; 1    ; 14284   ; cheio
9143650  ; 1    ; 14272   ; cheio
9144433  ; 0    ; 14285   ; saiu
9145415  ; 1    ; 14276   ; entrou
9146667  ; 0    ; 14276   ; saiu
9147986  ; 1    ; 14290   ; entrou
9148397  ; 0    ; 14290   ; saiu
9150046  ; 1    ; 14294   ; entrou
9150422  ; 0    ; 14294   ; saiu
9155236  ; 1    ; 14287   ; entrou
9155695  ; 1    ; 14292   ; cheio
9156854  ; 1    ; 14289   ; cheio
9158104  ; 1    ; 14298   ; cheio
9158076  ; 1    ; 14293   ; cheio
9155688  ; 1    ; 14291   ; entrou
9159497  ; 1    ; 14287   ; saiu
9161577  ; 0    ; 14291   ; saiu
9165378  ; 1    ; 14304   ; entrou
9166481  ; 1    ; 14303   ; cheio
9167284  ; 1    ; 14296   ; cheio
9169583  ; 0    ; 14304   ; saiu
9169724  ; 1    ; 14307   ; entrou
9169730  ; 1    ; 14305   ; cheio
9170305  ; 1    ; 14306   ; cheio
9170487  ; 1    ; 14309   ; cheio
9171203  ; 0    ; 14307   ; saiu
9182502  ; 1    ; 14311   ; entrou
9182741  ; 1    ; 14310   ; cheio
9183514  ; 1    ; 14313   ; entrou
9184104  ; 1    ; 14311   ; saiu
9184482  ; 1    ; 14317   ; cheio
9184725  ; 1    ; 14308   ; cheio
9186165  ; 0    ; 14313   ; saiu
9186726  ; 1    ; 14314   ; entrou
9187172  ; 1    ; 14312   ; cheio
9188044  ; 0    ; 14314   ; saiu
9193213  ; 1    ; 14319   ; entrou
9193215  ; 1    ; 14322   ; cheio
9193915  ; 0    ; 14319   ; saiu
9195053  ; 1    ; 14320   ; entrou
9195717  ; 1    ; 14315   ; cheio
9195799  ; 1    ; 14321   ; cheio
9196164  ; 1    ; 14323   ; cheio
9196633  ; 1    ; 14324   ; cheio
9197174  ; 1    ; 14328   ; entrou
9197427  ; 1    ; 14320   ; saiu
9197443  ; 1    ; 14327   ; cheio
9197827  ; 1    ; 14325   ; cheio
9197961  ; 0    ; 14328   ; saiu
9198152  ; 1    ; 14329   ; entrou
9198379  ; 1    ; 14334   ; entrou
9198483  ; 1    ; 14329   ; saiu
9198640  ; 0    ; 14334   ; saiu
9200062  ; 1    ; 14333   ; entrou
9200697  ; 1    ; 14336   ; cheio
9201882  ; 0    ; 14333   ; saiu
9203454  ; 1    ; 14337   ; entrou
9204070  ; 0    ; 14337   ; saiu
9205433  ; 1    ; 14341   ; entrou
9205625  ; 0    ; 14341   ; saiu
9206457  ; 1    ; 14340   ; entrou
9207537  ; 1    ; 14339   ; cheio
9207965  ; 1    ; 14335   ; cheio
9207846  ; 1    ; 14342   ; cheio
9208474  ; 1    ; 14343   ; cheio
9211772  ; 0    ; 14340   ; saiu
9212499  ; 1    ; 14344   ; entrou
9212685  ; 0    ; 14344   ; saiu
9214177  ; 1    ; 14345   ; entrou
9214181  ; 1    ; 14338   ; cheio
9214951  ; 1    ; 14347   ; cheio
9215648  ; 1    ; 14346   ; cheio
9216096  ; 0    ; 14345   ; saiu
9217032  ; 1    ; 14348   ; entrou
9218336  ; 0    ; 14348   ; saiu
9219278  ; 1    ; 14349   ; entrou
9221817  ; 0    ; 14349   ; saiu
9230903  ; 1    ; 14351   ; entrou
9231663  ; 0    ; 14351   ; saiu
9234933  ; 1    ; 14350   ; entrou
9235103  ; 1    ; 14353   ; cheio
9236518  ; 0    ; 14350   ; saiu
9238258  ; 1    ; 14354   ; entrou
9238337  ; 1    ; 14355   ; cheio
9239298  ; 1    ; 14359   ; cheio
9239517  ; 1    ; 14357   ; cheio
9239671  ; 1    ; 14352   ; cheio
9241163  ; 1    ; 14362   ; cheio
9241242  ; 1    ; 14356   ; cheio
9241447  ; 1    ; 14360   ; cheio
9243625  ; 1    ; 14361   ; cheio
9244714  ; 0    ; 14354   ; saiu
9245328  ; 1    ; 14358   ; entrou
9245660  ; 1    ; 14364   ; cheio
9245958  ; 0    ; 14358   ; saiu
9248363  ; 1    ; 14363   ; entrou
9249128  ; 0    ; 14363   ; saiu
9257060  ; 1    ; 14367   ; entrou
9257472  ; 1    ; 14365   ; cheio
9258450  ; 0    ; 14367   ; saiu
9258899  ; 1    ; 14368   ; entrou
9260812  ; 0    ; 14368   ; saiu
9262383  ; 1    ; 14373   ; entrou
9263044  ; 0    ; 14373   ; saiu
9263442  ; 1    ; 14374   ; entrou
9264146  ; 1    ; 14375   ; cheio
9264598  ; 1    ; 14372   ; cheio
9266780  ; 1    ; 14371   ; entrou
9267393  ; 1    ; 14376   ; entrou
9267631  ; 1    ; 14371   ; saiu
9268129  ; 0    ; 14376   ; saiu
9270077  ; 1    ; 14370   ; entrou
9266780  ; 1    ; 14374   ; saiu
9271880  ; 1    ; 14381   ; entrou
9272050  ; 0    ; 14370   ; saiu
9272229  ; 0    ; 14381   ; saiu
9274218  ; 1    ; 14369   ; entrou
9275832  ; 0    ; 14369   ; saiu
9276069  ; 1    ; 14380   ; entrou
9277099  ; 0    ; 14380   ; saiu
9277522  ; 1    ; 14383   ; entrou
9278327  ; 1    ; 14378   ; cheio
9279606  ; 1    ; 14384   ; cheio
9280385  ; 0    ; 14383   ; saiu
9280880  ; 1    ; 14382   ; entrou
9281494  ; 1    ; 14389   ; cheio
9282860  ; 1    ; 14385   ; cheio
9283546  ; 1    ; 14377   ; entrou
9283964  ; 1    ; 14382   ; saiu
9284347  ; 0    ; 14377   ; saiu
9284347  ; 1    ; 14386   ; entrou
9284718  ; 1    ; 14387   ; cheio
9284753  ; 1    ; 14388   ; entrou
9284893  ; 1    ; 14386   ; saiu
9285055  ; 0    ; 14388   ; saiu
9285215  ; 1    ; 14393   ; entrou
9286325  ; 1    ; 14391   ; cheio
9287036  ; 0    ; 14393   ; saiu
9287566  ; 1    ; 14390   ; entrou
9287872  ; 0    ; 14390   ; saiu
9287936  ; 1    ; 14379   ; entrou
9288896  ; 1    ; 14392   ; entrou
9289199  ; 0    ; 14379   ; saiu
9289549  ; 0    ; 14392   ; saiu
9291201  ; 1    ; 14366   ; entrou
9294768  ; 0    ; 14366   ; saiu
9299346  ; 1    ; 14394   ; entrou
9301786  ; 0    ; 14394   ; saiu
9307599  ; 1    ; 14395   ; entrou
9309541  ; 0    ; 14395   ; saiu
9316268  ; 1    ; 14398   ; entrou
9317321  ; 0    ; 14398   ; saiu
9322969  ; 1    ; 14400   ; entrou
9325165  ; 0    ; 14400   ; saiu
9327674  ; 1    ; 14399   ; entrou
9321701  ; 1    ; 14396   ; cheio
9329655  ; 0    ; 14399   ; saiu
9332734  ; 1    ; 14402   ; entrou
9333365  ; 1    ; 14408   ; cheio
9334557  ; 1    ; 14405   ; cheio
9339085  ; 1    ; 14404   ; cheio
9340875  ; 1    ; 14403   ; cheio
9333730  ; 1    ; 14401   ; cheio
9343290  ; 0    ; 14402   ; saiu
9349733  ; 1    ; 14410   ; entrou
9350677  ; 0    ; 14410   ; saiu
9351151  ; 1    ; 14411   ; entrou
9351344  ; 0    ; 14411   ; saiu
9351745  ; 1    ; 14419   ; entrou
9352658  ; 1    ; 14415   ; cheio
9353863  ; 0    ; 14419   ; saiu
9354674  ; 1    ; 14406   ; entrou
9354670  ; 1    ; 14413   ; cheio
9357380  ; 1    ; 14420   ; cheio
9359210  ; 1    ; 14424   ; cheio
9359454  ; 1    ; 14414   ; cheio
9359759  ; 1    ; 14425   ; cheio
9359704  ; 1    ; 14422   ; cheio
9359992  ; 1    ; 14423   ; cheio
9360255  ; 0    ; 14406   ; saiu
9360453  ; 1    ; 14427   ; cheio
9364262  ; 1    ; 14397   ; cheio
9360273  ; 1    ; 14428   ; entrou
9364912  ; 0    ; 14428   ; saiu
9366652  ; 1    ; 14431   ; entrou
9366775  ; 1    ; 14416   ; cheio
9367970  ; 0    ; 14431   ; saiu
9368273  ; 1    ; 14426   ; entrou
9369165  ; 0    ; 14426   ; saiu
9370432  ; 1    ; 14412   ; entrou
9370787  ; 0    ; 14412   ; saiu
9370990  ; 1    ; 14429   ; entrou
9371169  ; 1    ; 14417   ; cheio
9371019  ; 1    ; 14421   ; cheio
9370828  ; 1    ; 14418   ; cheio
9371337  ; 0    ; 14429   ; saiu
9373148  ; 1    ; 14432   ; entrou
9373615  ; 1    ; 14435   ; entrou
9373682  ; 1    ; 14432   ; saiu
9373822  ; 0    ; 14435   ; saiu
9375030  ; 1    ; 14430   ; entrou
9375168  ; 1    ; 14443   ; cheio
9375729  ; 1    ; 14439   ; cheio
9376173  ; 1    ; 14441   ; cheio
9376860  ; 1    ; 14437   ; cheio
9379484  ; 0    ; 14430   ; saiu
9382761  ; 1    ; 14438   ; entrou
9383549  ; 1    ; 14442   ; cheio
9384301  ; 0    ; 14438   ; saiu
9385107  ; 1    ; 14456   ; entrou
9387040  ; 1    ; 14434   ; cheio
9389045  ; 0    ; 14456   ; saiu
9390030  ; 1    ; 14433   ; entrou
9390864  ; 1    ; 14436   ; cheio
9390865  ; 1    ; 14460   ; cheio
9391008  ; 1    ; 14440   ; cheio
9391125  ; 1    ; 14445   ; cheio
9392010  ; 0    ; 14433   ; saiu
9392184  ; 1    ; 14461   ; entrou
9392352  ; 1    ; 14462   ; cheio
9394129  ; 0    ; 14461   ; saiu
9394882  ; 1    ; 14464   ; entrou
9395914  ; 0    ; 14464   ; saiu
9407341  ; 1    ; 14471   ; entrou
9407765  ; 1    ; 14463   ; cheio
9408476  ; 0    ; 14471   ; saiu
9410857  ; 1    ; 14454   ; entrou
9410826  ; 1    ; 14474   ; cheio
9412844  ; 0    ; 14454   ; saiu
9412917  ; 1    ; 14466   ; entrou
9429676  ; 0    ; 14466   ; saiu
9462846  ; 1    ; 14478   ; entrou
9463198  ; 1    ; 14469   ; entrou
9463602  ; 1    ; 14478   ; saiu
9463614  ; 1    ; 14468   ; cheio
9465305  ; 1    ; 14482   ; entrou
9465430  ; 1    ; 14469   ; saiu
9467141  ; 0    ; 14482   ; saiu
9467607  ; 1    ; 14476   ; entrou
9469055  ; 0    ; 14476   ; saiu
9469332  ; 1    ; 14479   ; entrou
9473069  ; 0    ; 14479   ; saiu
9474308  ; 1    ; 14467   ; entrou
9475329  ; 0    ; 14467   ; saiu
9476025  ; 1    ; 14470   ; entrou
9476667  ; 1    ; 14472   ; cheio
9480749  ; 0    ; 14470   ; saiu
9481509  ; 1    ; 14465   ; entrou
9483388  ; 0    ; 14465   ; saiu
9501555  ; 1    ; 14485   ; entrou
9502633  ; 0    ; 14485   ; saiu
9514666  ; 1    ; 14473   ; entrou
9514698  ; 1    ; 14483   ; cheio
9515730  ; 0    ; 14473   ; saiu
9514768  ; 1    ; 14481   ; cheio
9525444  ; 1    ; 14477   ; entrou
9526509  ; 0    ; 14477   ; saiu
9532920  ; 1    ; 14484   ; entrou
9533738  ; 1    ; 14487   ; cheio
9532922  ; 1    ; 14488   ; cheio
9535702  ; 0    ; 14484   ; saiu
9541893  ; 1    ; 14489   ; entrou
9545317  ; 0    ; 14489   ; saiu
9545823  ; 1    ; 14490   ; entrou
9546428  ; 1    ; 14475   ; cheio
9547989  ; 0    ; 14490   ; saiu
9549328  ; 1    ; 14495   ; entrou
9550633  ; 0    ; 14495   ; saiu
9553151  ; 1    ; 14491   ; entrou
9553724  ; 0    ; 14491   ; saiu
9557520  ; 1    ; 14492   ; entrou
9558593  ; 1    ; 14497   ; cheio
9558898  ; 1    ; 14500   ; cheio
9558872  ; 1    ; 14498   ; cheio
9557764  ; 1    ; 14493   ; cheio
9561931  ; 1    ; 14502   ; cheio
9562459  ; 1    ; 14496   ; cheio
9564834  ; 1    ; 14501   ; cheio
9565486  ; 0    ; 14492   ; saiu
9574086  ; 1    ; 14499   ; entrou
9574642  ; 1    ; 14535   ; cheio
9574922  ; 1    ; 14571   ; cheio
9575539  ; 1    ; 14589   ; cheio
9576106  ; 0    ; 14499   ; saiu
9579927  ; 1    ; 14575   ; entrou
9580541  ; 1    ; 14586   ; cheio
9582208  ; 0    ; 14575   ; saiu
9592996  ; 1    ; 14582   ; entrou
9593012  ; 1    ; 14581   ; cheio
9593638  ; 0    ; 14582   ; saiu
9606288  ; 1    ; 14600   ; entrou
9606974  ; 1    ; 14605   ; cheio
9607700  ; 1    ; 14604   ; cheio
9608342  ; 1    ; 14603   ; cheio
9614390  ; 1    ; 14601   ; cheio
9614421  ; 1    ; 14606   ; cheio
9614834  ; 0    ; 14600   ; saiu
9616537  ; 1    ; 14609   ; entrou
9617025  ; 0    ; 14609   ; saiu
9618400  ; 1    ; 14625   ; entrou
9620402  ; 0    ; 14625   ; saiu
9621303  ; 1    ; 14622   ; entrou
9623426  ; 0    ; 14622   ; saiu
9616596  ; 1    ; 14613   ; entrou
9626536  ; 1    ; 14626   ; cheio
9627443  ; 1    ; 14623   ; cheio
9628081  ; 0    ; 14613   ; saiu
9628792  ; 1    ; 14627   ; entrou
9630577  ; 1    ; 14631   ; entrou
9630711  ; 1    ; 14632   ; cheio
9630808  ; 1    ; 14621   ; cheio
9630585  ; 1    ; 14627   ; saiu
9631082  ; 0    ; 14631   ; saiu
9633882  ; 1    ; 14633   ; entrou
9634028  ; 1    ; 14635   ; cheio
9634880  ; 0    ; 14633   ; saiu
9639783  ; 1    ; 14637   ; entrou
9641081  ; 1    ; 14638   ; cheio
9642478  ; 0    ; 14637   ; saiu
9644995  ; 1    ; 14639   ; entrou
9646545  ; 0    ; 14639   ; saiu
9665984  ; 1    ; 14630   ; entrou
9667057  ; 0    ; 14630   ; saiu
9667982  ; 1    ; 14636   ; entrou
9670353  ; 1    ; 14634   ; entrou
9670369  ; 1    ; 14636   ; saiu
9671023  ; 0    ; 14634   ; saiu
9671531  ; 1    ; 14661   ; entrou
9671956  ; 1    ; 14629   ; entrou
9672074  ; 1    ; 14661   ; saiu
9672233  ; 0    ; 14629   ; saiu
9674158  ; 1    ; 14642   ; entrou
9674981  ; 1    ; 14628   ; cheio
9674952  ; 1    ; 14643   ; cheio
9676232  ; 0    ; 14642   ; saiu
9705310  ; 1    ; 14663   ; entrou
9706738  ; 0    ; 14663   ; saiu
9707146  ; 1    ; 14664   ; entrou
9707634  ; 0    ; 14664   ; saiu
9710011  ; 1    ; 14667   ; entrou
9707899  ; 1    ; 14665   ; entrou
9711513  ; 1    ; 14667   ; saiu
9714010  ; 0    ; 14665   ; saiu
9715937  ; 1    ; 14688   ; entrou
9710859  ; 1    ; 14668   ; cheio
9728614  ; 0    ; 14688   ; saiu
9733882  ; 1    ; 14689   ; entrou
9736345  ; 0    ; 14689   ; saiu
9741501  ; 1    ; 14666   ; entrou
9743352  ; 1    ; 14673   ; cheio
9743539  ; 1    ; 14641   ; cheio
9746820  ; 0    ; 14666   ; saiu
9765263  ; 1    ; 14709   ; entrou
9768165  ; 0    ; 14709   ; saiu
9768176  ; 1    ; 14707   ; entrou
9768840  ; 0    ; 14707   ; saiu
9768783  ; 1    ; 14710   ; entrou
9769271  ; 1    ; 14672   ; entrou
9769389  ; 1    ; 14710   ; saiu
9769539  ; 0    ; 14672   ; saiu
9770780  ; 1    ; 14711   ; entrou
9772398  ; 0    ; 14711   ; saiu
9773068  ; 1    ; 14692   ; entrou
9774828  ; 0    ; 14692   ; saiu
9778042  ; 1    ; 14691   ; entrou
9781909  ; 1    ; 14698   ; cheio
9782836  ; 0    ; 14691   ; saiu
9787576  ; 1    ; 14696   ; entrou
9789123  ; 1    ; 14701   ; entrou
9789341  ; 1    ; 14717   ; cheio
9789902  ; 1    ; 14718   ; cheio
9790698  ; 0    ; 14701   ; saiu
9788202  ; 0    ; 14696   ; saiu
9793000  ; 1    ; 14700   ; entrou
9793490  ; 1    ; 14714   ; cheio
9793949  ; 0    ; 14700   ; saiu
9799671  ; 1    ; 14726   ; entrou
9800382  ; 0    ; 14726   ; saiu
9802023  ; 1    ; 14727   ; entrou
9802677  ; 0    ; 14727   ; saiu
9804528  ; 1    ; 14694   ; entrou
9805344  ; 1    ; 14721   ; cheio
9805363  ; 1    ; 14725   ; cheio
9805701  ; 0    ; 14694   ; saiu
9806371  ; 1    ; 14731   ; entrou
9806538  ; 0    ; 14731   ; saiu
9808195  ; 1    ; 14734   ; entrou
9808723  ; 0    ; 14734   ; saiu
9809370  ; 1    ; 14736   ; entrou
9809379  ; 1    ; 14735   ; cheio
9810581  ; 1    ; 14737   ; entrou
9810672  ; 1    ; 14736   ; saiu
9812041  ; 0    ; 14737   ; saiu
9813444  ; 1    ; 14739   ; entrou
9814179  ; 0    ; 14739   ; saiu
9817356  ; 1    ; 14743   ; entrou
9818070  ; 0    ; 14743   ; saiu
9822421  ; 1    ; 14745   ; entrou
9822424  ; 1    ; 14747   ; cheio
9822775  ; 1    ; 14741   ; cheio
9823334  ; 0    ; 14745   ; saiu
9824587  ; 1    ; 14746   ; entrou
9825261  ; 1    ; 14752   ; cheio
9827328  ; 0    ; 14746   ; saiu
9827785  ; 1    ; 14744   ; entrou
9828962  ; 0    ; 14744   ; saiu
9829219  ; 1    ; 14757   ; entrou
9830705  ; 0    ; 14757   ; saiu
9830710  ; 1    ; 14755   ; entrou
9836854  ; 0    ; 14755   ; saiu
9837946  ; 1    ; 14760   ; entrou
9838098  ; 1    ; 14761   ; cheio
9838208  ; 0    ; 14760   ; saiu
9853747  ; 1    ; 14767   ; entrou
9853983  ; 0    ; 14767   ; saiu
9854464  ; 1    ; 14766   ; entrou
9854464  ; 1    ; 14765   ; cheio
9858093  ; 0    ; 14766   ; saiu
9858917  ; 1    ; 14784   ; entrou
9859433  ; 0    ; 14784   ; saiu
9862653  ; 1    ; 14790   ; entrou
9863527  ; 0    ; 14790   ; saiu
9864170  ; 1    ; 14792   ; entrou
9864744  ; 0    ; 14792   ; saiu
9867505  ; 1    ; 14794   ; entrou
9868315  ; 0    ; 14794   ; saiu
9869580  ; 1    ; 14796   ; entrou
9869750  ; 0    ; 14796   ; saiu
9898349  ; 1    ; 14802   ; entrou
9899715  ; 0    ; 14802   ; saiu
9899888  ; 1    ; 14801   ; entrou
9900990  ; 0    ; 14801   ; saiu
9911988  ; 1    ; 14831   ; entrou
9911991  ; 1    ; 14834   ; cheio
9914414  ; 0    ; 14831   ; saiu
9920919  ; 1    ; 14841   ; entrou
9922950  ; 1    ; 14843   ; cheio
9924819  ; 0    ; 14841   ; saiu
9930273  ; 1    ; 14850   ; entrou
9931464  ; 0    ; 14850   ; saiu
9931468  ; 1    ; 14851   ; entrou
9931799  ; 0    ; 14851   ; saiu
10020989 ; 1    ; 14909   ; entrou
10023225 ; 0    ; 14909   ; saiu
10038539 ; 1    ; 14915   ; entrou
10040989 ; 0    ; 14915   ; saiu
10051238 ; 1    ; 14922   ; entrou
10052542 ; 0    ; 14922   ; saiu
10142544 ; 1    ; 14930   ; entrou
10143407 ; 1    ; 14948   ; cheio
10145572 ; 0    ; 14930   ; saiu
10150215 ; 1    ; 14975   ; entrou
10152142 ; 0    ; 14975   ; saiu
10163832 ; 1    ; 14979   ; entrou
10165586 ; 1    ; 14976   ; entrou
10166334 ; 1    ; 14979   ; saiu
10169815 ; 0    ; 14976   ; saiu
10171793 ; 1    ; 14981   ; entrou
10181738 ; 0    ; 14981   ; saiu
10238543 ; 1    ; 15011   ; entrou
10241809 ; 0    ; 15011   ; saiu
10248401 ; 1    ; 15014   ; entrou
10249406 ; 0    ; 15014   ; saiu
10293639 ; 1    ; 14992   ; entrou
10293952 ; 1    ; 14984   ; cheio
10295466 ; 0    ; 14992   ; saiu
10297443 ; 1    ; 15017   ; entrou
10302261 ; 0    ; 15017   ; saiu
10315892 ; 1    ; 15039   ; entrou
10319072 ; 0    ; 15039   ; saiu
10327776 ; 1    ; 15042   ; entrou
10329807 ; 0    ; 15042   ; saiu
10339752 ; 1    ; 15040   ; entrou
10340708 ; 0    ; 15040   ; saiu
10339732 ; 1    ; 15043   ; cheio
10342914 ; 1    ; 15060   ; entrou
10343914 ; 0    ; 15060   ; saiu
10347767 ; 1    ; 15069   ; entrou
10348954 ; 0    ; 15069   ; saiu
10352864 ; 1    ; 15070   ; entrou
10354706 ; 1    ; 15071   ; entrou
10353777 ; 1    ; 15070   ; saiu
10357799 ; 1    ; 15064   ; cheio
10358428 ; 0    ; 15071   ; saiu
10361375 ; 1    ; 15078   ; entrou
10365396 ; 0    ; 15078   ; saiu
10370563 ; 1    ; 15079   ; entrou
10371962 ; 0    ; 15079   ; saiu
10375421 ; 1    ; 15080   ; entrou
10377125 ; 0    ; 15080   ; saiu
10379300 ; 1    ; 15083   ; entrou
10381437 ; 0    ; 15083   ; saiu
10394010 ; 1    ; 15086   ; entrou
10396617 ; 1    ; 15085   ; entrou
10396972 ; 1    ; 15086   ; saiu
10398781 ; 1    ; 15085   ; saiu
10398755 ; 1    ; 15092   ; entrou
10400319 ; 0    ; 15092   ; saiu
10408046 ; 1    ; 15100   ; entrou
10414743 ; 1    ; 15101   ; cheio
10413814 ; 1    ; 15099   ; cheio
10416691 ; 0    ; 15100   ; saiu
10427822 ; 1    ; 15105   ; entrou
10428736 ; 0    ; 15105   ; saiu
10431257 ; 1    ; 15103   ; entrou
10432305 ; 0    ; 15103   ; saiu
10434980 ; 1    ; 15107   ; entrou
10435641 ; 1    ; 15108   ; entrou
10435888 ; 1    ; 15107   ; saiu
10437047 ; 1    ; 15109   ; cheio
10440426 ; 0    ; 15108   ; saiu
10444541 ; 1    ; 15115   ; entrou
10446730 ; 0    ; 15115   ; saiu
10453178 ; 1    ; 15118   ; entrou
10453409 ; 1    ; 15117   ; cheio
10453816 ; 0    ; 15118   ; saiu
10454822 ; 1    ; 15119   ; entrou
10455337 ; 0    ; 15119   ; saiu
10455598 ; 1    ; 15121   ; entrou
10456142 ; 0    ; 15121   ; saiu
10459501 ; 1    ; 15122   ; entrou
10458846 ; 1    ; 15124   ; cheio
10460946 ; 0    ; 15122   ; saiu
10458580 ; 1    ; 15123   ; entrou
10465796 ; 1    ; 15127   ; cheio
10469762 ; 0    ; 15123   ; saiu
10469945 ; 1    ; 15128   ; entrou
10470586 ; 0    ; 15128   ; saiu
10471491 ; 1    ; 15130   ; entrou
10473617 ; 0    ; 15130   ; saiu
10478621 ; 1    ; 15137   ; entrou
10479625 ; 0    ; 15137   ; saiu
10477814 ; 1    ; 15132   ; entrou
10482122 ; 1    ; 15138   ; cheio
10477056 ; 1    ; 15129   ; cheio
10489439 ; 0    ; 15132   ; saiu
10493776 ; 1    ; 15141   ; entrou
10495743 ; 0    ; 15141   ; saiu
10492998 ; 1    ; 15143   ; entrou
10498408 ; 1    ; 15135   ; cheio
10504371 ; 0    ; 15143   ; saiu
10508518 ; 1    ; 15150   ; entrou
10510959 ; 1    ; 15153   ; cheio
10512942 ; 0    ; 15150   ; saiu
10516207 ; 1    ; 15151   ; entrou
10517297 ; 0    ; 15151   ; saiu
10518470 ; 1    ; 15160   ; entrou
10519915 ; 1    ; 15158   ; cheio
10521082 ; 0    ; 15160   ; saiu
10524220 ; 1    ; 15162   ; entrou
10525587 ; 0    ; 15162   ; saiu
10526246 ; 1    ; 15164   ; entrou
10527641 ; 0    ; 15164   ; saiu
10529651 ; 1    ; 15167   ; entrou
10533504 ; 0    ; 15167   ; saiu
10539646 ; 1    ; 15171   ; entrou
10540510 ; 0    ; 15171   ; saiu
10544269 ; 1    ; 15175   ; entrou
10545324 ; 0    ; 15175   ; saiu
10548386 ; 1    ; 15176   ; entrou
10549193 ; 0    ; 15176   ; saiu
10555871 ; 1    ; 15170   ; entrou
10556159 ; 1    ; 15177   ; cheio
10557072 ; 0    ; 15170   ; saiu
10557320 ; 1    ; 15180   ; entrou
10557817 ; 0    ; 15180   ; saiu
10564805 ; 1    ; 15185   ; entrou
10568816 ; 1    ; 15189   ; cheio
10570825 ; 1    ; 15184   ; cheio
10573583 ; 0    ; 15185   ; saiu
10576179 ; 1    ; 15193   ; entrou
10580722 ; 0    ; 15193   ; saiu
10582597 ; 1    ; 15188   ; entrou
10587629 ; 1    ; 15196   ; cheio
10589149 ; 0    ; 15188   ; saiu
10594508 ; 1    ; 15201   ; entrou
10598049 ; 1    ; 15195   ; cheio
10598745 ; 0    ; 15201   ; saiu
10599487 ; 1    ; 15197   ; entrou
10601481 ; 0    ; 15197   ; saiu
10603839 ; 1    ; 15202   ; entrou
10606466 ; 0    ; 15202   ; saiu
10609403 ; 1    ; 15205   ; entrou
10609619 ; 1    ; 15211   ; entrou
10609822 ; 1    ; 15205   ; saiu
10611074 ; 1    ; 15207   ; cheio
10611260 ; 1    ; 15214   ; cheio
10612245 ; 0    ; 15211   ; saiu
10617180 ; 1    ; 15212   ; entrou
10618380 ; 0    ; 15212   ; saiu
10618343 ; 1    ; 15217   ; entrou
10619815 ; 0    ; 15217   ; saiu
10629057 ; 1    ; 15218   ; entrou
10629492 ; 1    ; 15219   ; cheio
10635279 ; 0    ; 15218   ; saiu
10634473 ; 1    ; 15220   ; entrou
10638186 ; 0    ; 15220   ; saiu
10643737 ; 1    ; 15231   ; entrou
10645183 ; 1    ; 15231   ; saiu
10645189 ; 1    ; 15227   ; entrou
10645670 ; 1    ; 15221   ; cheio
10647539 ; 0    ; 15227   ; saiu
10650354 ; 1    ; 15224   ; entrou
10651396 ; 0    ; 15224   ; saiu
10652226 ; 1    ; 15225   ; entrou
10653389 ; 0    ; 15225   ; saiu
10654276 ; 1    ; 15233   ; entrou
10654754 ; 1    ; 15234   ; cheio
10656949 ; 0    ; 15233   ; saiu
10657817 ; 1    ; 15238   ; entrou
10658433 ; 0    ; 15238   ; saiu
10660169 ; 1    ; 15239   ; entrou
10660768 ; 0    ; 15239   ; saiu
10661193 ; 1    ; 15241   ; entrou
10661814 ; 1    ; 15242   ; cheio
10662418 ; 0    ; 15241   ; saiu
10662955 ; 1    ; 15240   ; entrou
10664110 ; 0    ; 15240   ; saiu
10666851 ; 1    ; 15247   ; entrou
10667098 ; 1    ; 15246   ; cheio
10667992 ; 0    ; 15247   ; saiu
10672647 ; 1    ; 15250   ; entrou
10673906 ; 1    ; 15252   ; cheio
10674764 ; 1    ; 15248   ; cheio
10675098 ; 1    ; 15254   ; entrou
10675525 ; 1    ; 15250   ; saiu
10676305 ; 0    ; 15254   ; saiu
10677489 ; 1    ; 15251   ; entrou
10677648 ; 0    ; 15251   ; saiu
10677970 ; 1    ; 15255   ; entrou
10679292 ; 0    ; 15255   ; saiu
10684163 ; 1    ; 15259   ; entrou
10682978 ; 1    ; 15253   ; cheio
10687564 ; 0    ; 15259   ; saiu
10692942 ; 1    ; 15262   ; entrou
10695884 ; 1    ; 15263   ; entrou
10696361 ; 1    ; 15262   ; saiu
10696512 ; 1    ; 15261   ; cheio
10696961 ; 0    ; 15263   ; saiu
10700686 ; 1    ; 15267   ; entrou
10702870 ; 1    ; 15266   ; cheio
10704024 ; 0    ; 15267   ; saiu
10705208 ; 1    ; 15264   ; entrou
10709288 ; 0    ; 15264   ; saiu
10710847 ; 1    ; 15265   ; entrou
10712144 ; 1    ; 15271   ; cheio
10712646 ; 0    ; 15265   ; saiu
10715617 ; 1    ; 15272   ; entrou
10717070 ; 0    ; 15272   ; saiu
10724533 ; 1    ; 15278   ; entrou
10725952 ; 0    ; 15278   ; saiu
10737074 ; 1    ; 15276   ; entrou
10737140 ; 1    ; 15273   ; cheio
10737328 ; 0    ; 15276   ; saiu
10741878 ; 1    ; 15279   ; entrou
10744307 ; 0    ; 15279   ; saiu
10745185 ; 1    ; 15282   ; entrou
10746319 ; 0    ; 15282   ; saiu
10749476 ; 1    ; 15280   ; entrou
10751628 ; 0    ; 15280   ; saiu
10754092 ; 1    ; 15297   ; entrou
10756489 ; 0    ; 15297   ; saiu
10761693 ; 1    ; 15298   ; entrou
10763870 ; 0    ; 15298   ; saiu
10767282 ; 1    ; 15302   ; entrou
10767515 ; 0    ; 15302   ; saiu
10768549 ; 1    ; 15305   ; entrou
10769846 ; 1    ; 15304   ; cheio
10770457 ; 1    ; 15303   ; cheio
10773251 ; 0    ; 15305   ; saiu
10778805 ; 1   